[ 2012-05-30T16:34:09+08:00 ] /index.php/index/uploadFile | ERR: 
[ 2012-05-30T16:34:09+08:00 ] /index.php/index/uploadFile | NOTIC: [8] Undefined index: file indexAction.class.php 第 102 行.
[ 2012-05-30T16:34:09+08:00 ] /tmp/1.png | ERR: (ThinkException) 无法加载模块tmp
[ 2012-05-30T16:34:09+08:00 ] /favicon.ico | ERR: (ThinkException) 无法加载模块
[ 2012-05-30T16:35:03+08:00 ] /index.php/index/uploadFile | ERR: aaaaaa
[ 2012-05-30T16:35:03+08:00 ] /index.php/index/uploadFile | NOTIC: [8] Undefined index: file indexAction.class.php 第 102 行.
[ 2012-05-30T16:35:03+08:00 ] /tmp/1.png | ERR: (ThinkException) 无法加载模块tmp
[ 2012-05-30T16:35:03+08:00 ] /favicon.ico | ERR: (ThinkException) 无法加载模块
[ 2012-05-30T16:35:19+08:00 ] /index.php/index/uploadFile | ERR: Icon-Small.png
[ 2012-05-30T16:35:19+08:00 ] /index.php/index/uploadFile | NOTIC: [8] Undefined index: file indexAction.class.php 第 102 行.
[ 2012-05-30T16:35:19+08:00 ] /tmp/1.png | ERR: (ThinkException) 无法加载模块tmp
[ 2012-05-30T16:35:19+08:00 ] /favicon.ico | ERR: (ThinkException) 无法加载模块
[ 2012-05-30T16:35:30+08:00 ] /index.php/index/uploadFile | ERR: /Applications/XAMPP/xamppfiles/temp/phpXIVRMl
[ 2012-05-30T16:35:30+08:00 ] /index.php/index/uploadFile | NOTIC: [8] Undefined index: file indexAction.class.php 第 102 行.
[ 2012-05-30T16:35:30+08:00 ] /tmp/1.png | ERR: (ThinkException) 无法加载模块tmp
[ 2012-05-30T16:35:30+08:00 ] /favicon.ico | ERR: (ThinkException) 无法加载模块
[ 2012-05-30T16:36:11+08:00 ] /index.php/index/uploadFile | ERR: /Applications/XAMPP/xamppfiles/temp/phppRqrUN
[ 2012-05-30T16:36:11+08:00 ] /index.php/index/uploadFile | NOTIC: [8] Undefined index: file indexAction.class.php 第 102 行.
[ 2012-05-30T16:36:11+08:00 ] /favicon.ico | ERR: (ThinkException) 无法加载模块
[ 2012-05-30T16:52:12+08:00 ] /favicon.ico | ERR: (ThinkException) 无法加载模块
[ 2012-05-30T16:52:46+08:00 ] /favicon.ico | ERR: (ThinkException) 无法加载模块
[ 2012-05-30T16:52:48+08:00 ] /favicon.ico | ERR: (ThinkException) 无法加载模块
[ 2012-05-30T16:52:52+08:00 ] /favicon.ico | ERR: (ThinkException) 无法加载模块
[ 2012-05-30T16:53:47+08:00 ] /favicon.ico | ERR: (ThinkException) 无法加载模块
[ 2012-05-30T16:57:35+08:00 ] /favicon.ico | ERR: (ThinkException) 无法加载模块
[ 2012-05-30T16:58:55+08:00 ] /favicon.ico | ERR: (ThinkException) 无法加载模块
[ 2012-05-30T16:58:57+08:00 ] /favicon.ico | ERR: (ThinkException) 无法加载模块
[ 2012-05-30T17:00:07+08:00 ] /favicon.ico | ERR: (ThinkException) 无法加载模块
[ 2012-05-30T17:04:07+08:00 ] /index.php/index/uploadFile | ERR: /Applications/XAMPP/xamppfiles/temp/php2cEGbm
[ 2012-05-30T17:04:07+08:00 ] /index.php/index/uploadFile | ERR: 1338368647
[ 2012-05-30T17:04:07+08:00 ] /index.php/index/uploadFile | ERR: /Applications/XAMPP/xamppfiles/temp/phpgVopSB
[ 2012-05-30T17:04:07+08:00 ] /index.php/index/uploadFile | ERR: 1338368647
[ 2012-05-30T17:04:07+08:00 ] /index.php/index/uploadFile | ERR: /Applications/XAMPP/xamppfiles/temp/phpQVQzH4
[ 2012-05-30T17:04:07+08:00 ] /index.php/index/uploadFile | ERR: 1338368647
[ 2012-05-30T17:04:07+08:00 ] /index.php/index/uploadFile | ERR: /Applications/XAMPP/xamppfiles/temp/phpuOY2w9
[ 2012-05-30T17:04:07+08:00 ] /index.php/index/uploadFile | ERR: 1338368647
[ 2012-05-30T17:04:07+08:00 ] /index.php/index/uploadFile | ERR: /Applications/XAMPP/xamppfiles/temp/phpRjJz0J
[ 2012-05-30T17:04:07+08:00 ] /index.php/index/uploadFile | ERR: 1338368647
[ 2012-05-30T17:04:07+08:00 ] /index.php/index/uploadFile | NOTIC: [8] Undefined index: file indexAction.class.php 第 102 行.
[ 2012-05-30T17:04:07+08:00 ] /favicon.ico | ERR: (ThinkException) 无法加载模块
