[ 2012-08-02T18:15:42+08:00 ] /taodandan/index.php | INFO: Tag[ app_begin ] --START--
[ 2012-08-02T18:15:42+08:00 ] /taodandan/index.php | INFO: Run ReadHtmlCache Behavior [ RunTime:0.000841s ]
[ 2012-08-02T18:15:42+08:00 ] /taodandan/index.php | INFO: Tag[ app_begin ] --END-- [ RunTime:0.001643s ]
[ 2012-08-02T18:15:42+08:00 ] /taodandan/index.php | NOTIC: [2] filemtime() [<a href='function.filemtime'>function.filemtime</a>]: stat failed for /private/tmp/LtAutoloader-token-cache/1d/4b/1d4b6d5258de7cdd49988de8262d2cff.php Autoloader.php 第 277 行.
[ 2012-08-02T18:15:42+08:00 ] /taodandan/index.php | NOTIC: [2] filemtime() [<a href='function.filemtime'>function.filemtime</a>]: stat failed for /private/tmp/LtAutoloader-token-cache/73/a9/73a9d439a2102012ffda3d0910e9d879.php Autoloader.php 第 277 行.
[ 2012-08-02T18:15:42+08:00 ] /taodandan/index.php | NOTIC: [2] filemtime() [<a href='function.filemtime'>function.filemtime</a>]: stat failed for /private/tmp/LtAutoloader-token-cache/73/b8/73b8fb0d9242ce40d19320b660977249.php Autoloader.php 第 277 行.
[ 2012-08-02T18:15:42+08:00 ] /taodandan/index.php | NOTIC: [2] filemtime() [<a href='function.filemtime'>function.filemtime</a>]: stat failed for /private/tmp/LtAutoloader-token-cache/8c/48/8c48067642cd2e0b5626d3316c1db27e.php Autoloader.php 第 277 行.
[ 2012-08-02T18:15:42+08:00 ] /taodandan/index.php | NOTIC: [2] filemtime() [<a href='function.filemtime'>function.filemtime</a>]: stat failed for /private/tmp/LtAutoloader-token-cache/33/39/3339edc3d6472cc82f39880119c592d1.php Autoloader.php 第 277 行.
[ 2012-08-02T18:15:42+08:00 ] /taodandan/index.php | NOTIC: [2] filemtime() [<a href='function.filemtime'>function.filemtime</a>]: stat failed for /private/tmp/LtAutoloader-token-cache/af/4b/af4b53c13aa34e2d173f9b7cc2ec4832.php Autoloader.php 第 277 行.
[ 2012-08-02T18:15:42+08:00 ] /taodandan/index.php | NOTIC: [2] filemtime() [<a href='function.filemtime'>function.filemtime</a>]: stat failed for /private/tmp/LtAutoloader-token-cache/39/47/3947fdd98f9f3aa2e2f940687edb813b.php Autoloader.php 第 277 行.
[ 2012-08-02T18:15:42+08:00 ] /taodandan/index.php | NOTIC: [2] filemtime() [<a href='function.filemtime'>function.filemtime</a>]: stat failed for /private/tmp/LtAutoloader-token-cache/f9/fa/f9fa063c24cb54827e1b86733ac08494.php Autoloader.php 第 277 行.
[ 2012-08-02T18:15:42+08:00 ] /taodandan/index.php | NOTIC: [2] filemtime() [<a href='function.filemtime'>function.filemtime</a>]: stat failed for /private/tmp/LtAutoloader-token-cache/36/91/369188e6cb2c53aac9745fedeff629ce.php Autoloader.php 第 277 行.
[ 2012-08-02T18:15:42+08:00 ] /taodandan/index.php | NOTIC: [2] filemtime() [<a href='function.filemtime'>function.filemtime</a>]: stat failed for /private/tmp/LtAutoloader-token-cache/0a/9c/0a9cf08f4d9fc0de5e4616afccbfb3de.php Autoloader.php 第 277 行.
[ 2012-08-02T18:15:42+08:00 ] /taodandan/index.php | NOTIC: [2] filemtime() [<a href='function.filemtime'>function.filemtime</a>]: stat failed for /private/tmp/LtAutoloader-token-cache/5e/8b/5e8b3896e7395840e3d4ab5a05fcb78f.php Autoloader.php 第 277 行.
[ 2012-08-02T18:15:42+08:00 ] /taodandan/index.php | NOTIC: [2] filemtime() [<a href='function.filemtime'>function.filemtime</a>]: stat failed for /private/tmp/LtAutoloader-token-cache/e9/09/e909f616ff9c048960fbc00bafd2eb34.php Autoloader.php 第 277 行.
[ 2012-08-02T18:15:42+08:00 ] /taodandan/index.php | NOTIC: [2] filemtime() [<a href='function.filemtime'>function.filemtime</a>]: stat failed for /private/tmp/LtAutoloader-token-cache/11/af/11af8ea6f7ab3bb4984a45652f8c5880.php Autoloader.php 第 277 行.
[ 2012-08-02T18:15:42+08:00 ] /taodandan/index.php | NOTIC: [2] filemtime() [<a href='function.filemtime'>function.filemtime</a>]: stat failed for /private/tmp/LtAutoloader-token-cache/ad/8d/ad8dfef1b00b2ca8dc757acfc5cdc52b.php Autoloader.php 第 277 行.
[ 2012-08-02T18:15:42+08:00 ] /taodandan/index.php | NOTIC: [2] filemtime() [<a href='function.filemtime'>function.filemtime</a>]: stat failed for /private/tmp/LtAutoloader-token-cache/36/f1/36f1a70f2721bccc9bfaed354affea9c.php Autoloader.php 第 277 行.
[ 2012-08-02T18:15:42+08:00 ] /taodandan/index.php | NOTIC: [2] filemtime() [<a href='function.filemtime'>function.filemtime</a>]: stat failed for /private/tmp/LtAutoloader-token-cache/42/e7/42e7f448d9be82ee40be7c74352e2b0c.php Autoloader.php 第 277 行.
[ 2012-08-02T18:15:42+08:00 ] /taodandan/index.php | NOTIC: [2] filemtime() [<a href='function.filemtime'>function.filemtime</a>]: stat failed for /private/tmp/LtAutoloader-token-cache/d5/e9/d5e9c11c6437f59efb32d00794528eb5.php Autoloader.php 第 277 行.
[ 2012-08-02T18:15:42+08:00 ] /taodandan/index.php | NOTIC: [2] filemtime() [<a href='function.filemtime'>function.filemtime</a>]: stat failed for /private/tmp/LtAutoloader-token-cache/25/cb/25cb0ea5bf8f61d3a98a15d1efa05536.php Autoloader.php 第 277 行.
[ 2012-08-02T18:15:42+08:00 ] /taodandan/index.php | NOTIC: [2] filemtime() [<a href='function.filemtime'>function.filemtime</a>]: stat failed for /private/tmp/LtAutoloader-token-cache/63/6a/636a43491d79260749b899a3c9e954a4.php Autoloader.php 第 277 行.
[ 2012-08-02T18:15:42+08:00 ] /taodandan/index.php | NOTIC: [2] filemtime() [<a href='function.filemtime'>function.filemtime</a>]: stat failed for /private/tmp/LtAutoloader-token-cache/c2/87/c287ffa9d381b8e0a65d31d936e0012c.php Autoloader.php 第 277 行.
[ 2012-08-02T18:15:42+08:00 ] /taodandan/index.php | NOTIC: [2] filemtime() [<a href='function.filemtime'>function.filemtime</a>]: stat failed for /private/tmp/LtAutoloader-token-cache/a5/2f/a52ffee93aff885d6442e5c346dbcfbd.php Autoloader.php 第 277 行.
[ 2012-08-02T18:15:42+08:00 ] /taodandan/index.php | NOTIC: [2] filemtime() [<a href='function.filemtime'>function.filemtime</a>]: stat failed for /private/tmp/LtAutoloader-token-cache/42/97/4297cfde9f9e7a2a5576c7b236442094.php Autoloader.php 第 277 行.
[ 2012-08-02T18:15:42+08:00 ] /taodandan/index.php | NOTIC: [2] filemtime() [<a href='function.filemtime'>function.filemtime</a>]: stat failed for /private/tmp/LtAutoloader-token-cache/d0/65/d06557c06cb8892e8974291114cddec0.php Autoloader.php 第 277 行.
[ 2012-08-02T18:15:42+08:00 ] /taodandan/index.php | NOTIC: [2] filemtime() [<a href='function.filemtime'>function.filemtime</a>]: stat failed for /private/tmp/LtAutoloader-token-cache/2a/77/2a77d0bea63b32ffbdd9c253a2fc27c0.php Autoloader.php 第 277 行.
[ 2012-08-02T18:15:42+08:00 ] /taodandan/index.php | NOTIC: [2] filemtime() [<a href='function.filemtime'>function.filemtime</a>]: stat failed for /private/tmp/LtAutoloader-token-cache/94/d3/94d34783b9bfefc7e94ed9d1d1d2ed69.php Autoloader.php 第 277 行.
[ 2012-08-02T18:15:42+08:00 ] /taodandan/index.php | NOTIC: [2] filemtime() [<a href='function.filemtime'>function.filemtime</a>]: stat failed for /private/tmp/LtAutoloader-token-cache/5b/d6/5bd68c068967afa069b3c920f3531dc6.php Autoloader.php 第 277 行.
[ 2012-08-02T18:15:42+08:00 ] /taodandan/index.php | NOTIC: [2] filemtime() [<a href='function.filemtime'>function.filemtime</a>]: stat failed for /private/tmp/LtAutoloader-token-cache/4f/8f/4f8fa6750287f8523220fe821214d263.php Autoloader.php 第 277 行.
[ 2012-08-02T18:15:42+08:00 ] /taodandan/index.php | NOTIC: [2] filemtime() [<a href='function.filemtime'>function.filemtime</a>]: stat failed for /private/tmp/LtAutoloader-token-cache/1f/f4/1ff4836b55486fa4254cd4f5c70c4cce.php Autoloader.php 第 277 行.
[ 2012-08-02T18:15:42+08:00 ] /taodandan/index.php | NOTIC: [2] filemtime() [<a href='function.filemtime'>function.filemtime</a>]: stat failed for /private/tmp/LtAutoloader-token-cache/0b/ec/0bec0eaf22e3f1d2df3e6b05d89b5c6a.php Autoloader.php 第 277 行.
[ 2012-08-02T18:15:42+08:00 ] /taodandan/index.php | NOTIC: [2] filemtime() [<a href='function.filemtime'>function.filemtime</a>]: stat failed for /private/tmp/LtAutoloader-token-cache/9e/35/9e3527a226bd24682da0b171dc737c35.php Autoloader.php 第 277 行.
[ 2012-08-02T18:15:42+08:00 ] /taodandan/index.php | NOTIC: [2] filemtime() [<a href='function.filemtime'>function.filemtime</a>]: stat failed for /private/tmp/LtAutoloader-token-cache/03/0e/030e9b5268828e057f19d9b274583455.php Autoloader.php 第 277 行.
[ 2012-08-02T18:15:42+08:00 ] /taodandan/index.php | NOTIC: [2] filemtime() [<a href='function.filemtime'>function.filemtime</a>]: stat failed for /private/tmp/LtAutoloader-token-cache/3a/09/3a0966a2b5433f67805e9a00e2ae6a38.php Autoloader.php 第 277 行.
[ 2012-08-02T18:15:42+08:00 ] /taodandan/index.php | NOTIC: [2] filemtime() [<a href='function.filemtime'>function.filemtime</a>]: stat failed for /private/tmp/LtAutoloader-token-cache/8e/a4/8ea468951853ae65e8b4871271f3dd2c.php Autoloader.php 第 277 行.
[ 2012-08-02T18:15:42+08:00 ] /taodandan/index.php | NOTIC: [2] filemtime() [<a href='function.filemtime'>function.filemtime</a>]: stat failed for /private/tmp/LtAutoloader-token-cache/da/7f/da7f769eff14bd7f88496262ad30c9a7.php Autoloader.php 第 277 行.
[ 2012-08-02T18:15:42+08:00 ] /taodandan/index.php | NOTIC: [2] filemtime() [<a href='function.filemtime'>function.filemtime</a>]: stat failed for /private/tmp/LtAutoloader-token-cache/42/73/427398d2c1803516d70732082be6f645.php Autoloader.php 第 277 行.
[ 2012-08-02T18:15:42+08:00 ] /taodandan/index.php | NOTIC: [2] filemtime() [<a href='function.filemtime'>function.filemtime</a>]: stat failed for /private/tmp/LtAutoloader-token-cache/94/3f/943f7d6bb97bd3f523fb4fafcfa41667.php Autoloader.php 第 277 行.
[ 2012-08-02T18:15:42+08:00 ] /taodandan/index.php | NOTIC: [2] filemtime() [<a href='function.filemtime'>function.filemtime</a>]: stat failed for /private/tmp/LtAutoloader-token-cache/b5/e8/b5e8ca6d1cc715809152a3db9fdd346a.php Autoloader.php 第 277 行.
[ 2012-08-02T18:15:42+08:00 ] /taodandan/index.php | NOTIC: [2] filemtime() [<a href='function.filemtime'>function.filemtime</a>]: stat failed for /private/tmp/LtAutoloader-token-cache/39/56/3956a5bacb29336a45c3bf89ef55c222.php Autoloader.php 第 277 行.
[ 2012-08-02T18:15:42+08:00 ] /taodandan/index.php | NOTIC: [2] filemtime() [<a href='function.filemtime'>function.filemtime</a>]: stat failed for /private/tmp/LtAutoloader-token-cache/f6/78/f6787c59095a82c941a8dd0fc19c191a.php Autoloader.php 第 277 行.
[ 2012-08-02T18:15:42+08:00 ] /taodandan/index.php | NOTIC: [2] filemtime() [<a href='function.filemtime'>function.filemtime</a>]: stat failed for /private/tmp/LtAutoloader-token-cache/d9/53/d9532bd27365a68b6368e7f33000e346.php Autoloader.php 第 277 行.
[ 2012-08-02T18:15:42+08:00 ] /taodandan/index.php | NOTIC: [2] filemtime() [<a href='function.filemtime'>function.filemtime</a>]: stat failed for /private/tmp/LtAutoloader-token-cache/7e/fb/7efb6302d0af6921b936dd6a08116543.php Autoloader.php 第 277 行.
[ 2012-08-02T18:15:42+08:00 ] /taodandan/index.php | NOTIC: [2] filemtime() [<a href='function.filemtime'>function.filemtime</a>]: stat failed for /private/tmp/LtAutoloader-token-cache/18/a9/18a9569a44603b136cac13f43b693b11.php Autoloader.php 第 277 行.
[ 2012-08-02T18:15:42+08:00 ] /taodandan/index.php | NOTIC: [2] filemtime() [<a href='function.filemtime'>function.filemtime</a>]: stat failed for /private/tmp/LtAutoloader-token-cache/98/23/98239c5e22d9817766e237a428a33fda.php Autoloader.php 第 277 行.
[ 2012-08-02T18:15:42+08:00 ] /taodandan/index.php | NOTIC: [2] filemtime() [<a href='function.filemtime'>function.filemtime</a>]: stat failed for /private/tmp/LtAutoloader-token-cache/9b/bf/9bbfd234b2c5543d4730161600db8ad1.php Autoloader.php 第 277 行.
[ 2012-08-02T18:15:42+08:00 ] /taodandan/index.php | NOTIC: [2] filemtime() [<a href='function.filemtime'>function.filemtime</a>]: stat failed for /private/tmp/LtAutoloader-token-cache/dd/83/dd8329587b146c7d717d13595c20f22b.php Autoloader.php 第 277 行.
[ 2012-08-02T18:15:42+08:00 ] /taodandan/index.php | NOTIC: [2] filemtime() [<a href='function.filemtime'>function.filemtime</a>]: stat failed for /private/tmp/LtAutoloader-token-cache/42/52/42521a20ef7af649299ca78968b3981b.php Autoloader.php 第 277 行.
[ 2012-08-02T18:15:42+08:00 ] /taodandan/index.php | NOTIC: [2] filemtime() [<a href='function.filemtime'>function.filemtime</a>]: stat failed for /private/tmp/LtAutoloader-token-cache/0b/84/0b841d68c39d68aaa0dc154b78dbef87.php Autoloader.php 第 277 行.
[ 2012-08-02T18:15:42+08:00 ] /taodandan/index.php | NOTIC: [2] filemtime() [<a href='function.filemtime'>function.filemtime</a>]: stat failed for /private/tmp/LtAutoloader-token-cache/fd/d2/fdd2a5d0e5e10d3f29d88210b97262b9.php Autoloader.php 第 277 行.
[ 2012-08-02T18:15:42+08:00 ] /taodandan/index.php | NOTIC: [2] filemtime() [<a href='function.filemtime'>function.filemtime</a>]: stat failed for /private/tmp/LtAutoloader-token-cache/e3/99/e399deebd802a7dcdd27c4eb9cc9f403.php Autoloader.php 第 277 行.
[ 2012-08-02T18:15:42+08:00 ] /taodandan/index.php | NOTIC: [2] filemtime() [<a href='function.filemtime'>function.filemtime</a>]: stat failed for /private/tmp/LtAutoloader-token-cache/2d/99/2d99cb7f2d4ed3ffec6809b71db1d47e.php Autoloader.php 第 277 行.
[ 2012-08-02T18:15:42+08:00 ] /taodandan/index.php | NOTIC: [2] filemtime() [<a href='function.filemtime'>function.filemtime</a>]: stat failed for /private/tmp/LtAutoloader-token-cache/8b/d8/8bd8b7f4c6bdee15c665278cd3637270.php Autoloader.php 第 277 行.
[ 2012-08-02T18:15:42+08:00 ] /taodandan/index.php | NOTIC: [2] filemtime() [<a href='function.filemtime'>function.filemtime</a>]: stat failed for /private/tmp/LtAutoloader-token-cache/da/c1/dac1421672a8e4c5fc7598ee14e249d1.php Autoloader.php 第 277 行.
[ 2012-08-02T18:15:42+08:00 ] /taodandan/index.php | NOTIC: [2] filemtime() [<a href='function.filemtime'>function.filemtime</a>]: stat failed for /private/tmp/LtAutoloader-token-cache/df/4b/df4bc2890c97c4ed9f52b9c87d4f3be2.php Autoloader.php 第 277 行.
[ 2012-08-02T18:15:42+08:00 ] /taodandan/index.php | NOTIC: [2] filemtime() [<a href='function.filemtime'>function.filemtime</a>]: stat failed for /private/tmp/LtAutoloader-token-cache/4f/3c/4f3cbbfafbea434a57628ea52a625cde.php Autoloader.php 第 277 行.
[ 2012-08-02T18:15:42+08:00 ] /taodandan/index.php | NOTIC: [2] filemtime() [<a href='function.filemtime'>function.filemtime</a>]: stat failed for /private/tmp/LtAutoloader-token-cache/05/ea/05ea5095dc00d9f41d5a4f55e01f818d.php Autoloader.php 第 277 行.
[ 2012-08-02T18:15:42+08:00 ] /taodandan/index.php | NOTIC: [2] filemtime() [<a href='function.filemtime'>function.filemtime</a>]: stat failed for /private/tmp/LtAutoloader-token-cache/e4/da/e4dabe6c3687c065dfc15ca3fb1c47a2.php Autoloader.php 第 277 行.
[ 2012-08-02T18:15:42+08:00 ] /taodandan/index.php | NOTIC: [2] filemtime() [<a href='function.filemtime'>function.filemtime</a>]: stat failed for /private/tmp/LtAutoloader-token-cache/77/bd/77bdf617ffa55a90e92ba6b35c7479b0.php Autoloader.php 第 277 行.
[ 2012-08-02T18:15:42+08:00 ] /taodandan/index.php | NOTIC: [2] filemtime() [<a href='function.filemtime'>function.filemtime</a>]: stat failed for /private/tmp/LtAutoloader-token-cache/df/e7/dfe70b75036fd6e5a97db9a5938972b3.php Autoloader.php 第 277 行.
[ 2012-08-02T18:15:42+08:00 ] /taodandan/index.php | NOTIC: [2] filemtime() [<a href='function.filemtime'>function.filemtime</a>]: stat failed for /private/tmp/LtAutoloader-token-cache/88/48/88487401b227e8da19fe6c6e45ed7d41.php Autoloader.php 第 277 行.
[ 2012-08-02T18:15:42+08:00 ] /taodandan/index.php | NOTIC: [2] filemtime() [<a href='function.filemtime'>function.filemtime</a>]: stat failed for /private/tmp/LtAutoloader-token-cache/d1/71/d171dbb0b3f174eb2c6bdef29272680c.php Autoloader.php 第 277 行.
[ 2012-08-02T18:15:42+08:00 ] /taodandan/index.php | NOTIC: [2] filemtime() [<a href='function.filemtime'>function.filemtime</a>]: stat failed for /private/tmp/LtAutoloader-token-cache/f2/d9/f2d9f6fe05d63aa63b1c1c1681e83a08.php Autoloader.php 第 277 行.
[ 2012-08-02T18:15:42+08:00 ] /taodandan/index.php | NOTIC: [2] filemtime() [<a href='function.filemtime'>function.filemtime</a>]: stat failed for /private/tmp/LtAutoloader-token-cache/bd/c7/bdc78f2e0eca7cf294cd9ef075fb4ba9.php Autoloader.php 第 277 行.
[ 2012-08-02T18:15:42+08:00 ] /taodandan/index.php | NOTIC: [2] filemtime() [<a href='function.filemtime'>function.filemtime</a>]: stat failed for /private/tmp/LtAutoloader-token-cache/fe/32/fe32ffc33872aadacca051e594b344a5.php Autoloader.php 第 277 行.
[ 2012-08-02T18:15:42+08:00 ] /taodandan/index.php | NOTIC: [2] filemtime() [<a href='function.filemtime'>function.filemtime</a>]: stat failed for /private/tmp/LtAutoloader-token-cache/0d/c1/0dc10f0f5e79fb07a16c0eb77d028219.php Autoloader.php 第 277 行.
[ 2012-08-02T18:15:42+08:00 ] /taodandan/index.php | NOTIC: [2] filemtime() [<a href='function.filemtime'>function.filemtime</a>]: stat failed for /private/tmp/LtAutoloader-token-cache/bc/d7/bcd728d25a926a295e8de1fee22ed53c.php Autoloader.php 第 277 行.
[ 2012-08-02T18:15:42+08:00 ] /taodandan/index.php | NOTIC: [2] filemtime() [<a href='function.filemtime'>function.filemtime</a>]: stat failed for /private/tmp/LtAutoloader-token-cache/f2/07/f20710f83d3706f276c157812afdf9d4.php Autoloader.php 第 277 行.
[ 2012-08-02T18:15:42+08:00 ] /taodandan/index.php | NOTIC: [2] filemtime() [<a href='function.filemtime'>function.filemtime</a>]: stat failed for /private/tmp/LtAutoloader-token-cache/d3/89/d389a34e67829a82f1cdb1c158163737.php Autoloader.php 第 277 行.
[ 2012-08-02T18:15:42+08:00 ] /taodandan/index.php | NOTIC: [2] filemtime() [<a href='function.filemtime'>function.filemtime</a>]: stat failed for /private/tmp/LtAutoloader-token-cache/e0/b3/e0b3afeb8bda38be4c0bbff636b3a1a7.php Autoloader.php 第 277 行.
[ 2012-08-02T18:15:42+08:00 ] /taodandan/index.php | NOTIC: [2] filemtime() [<a href='function.filemtime'>function.filemtime</a>]: stat failed for /private/tmp/LtAutoloader-token-cache/e7/52/e752ac1ac5dd7bfa92331d2e993e1043.php Autoloader.php 第 277 行.
[ 2012-08-02T18:15:42+08:00 ] /taodandan/index.php | NOTIC: [2] filemtime() [<a href='function.filemtime'>function.filemtime</a>]: stat failed for /private/tmp/LtAutoloader-token-cache/55/18/5518d579c8d2868495793647f6ccb412.php Autoloader.php 第 277 行.
[ 2012-08-02T18:15:42+08:00 ] /taodandan/index.php | NOTIC: [2] filemtime() [<a href='function.filemtime'>function.filemtime</a>]: stat failed for /private/tmp/LtAutoloader-token-cache/0e/43/0e43fe78ecc7c98c3c1389342230c8ca.php Autoloader.php 第 277 行.
[ 2012-08-02T18:15:42+08:00 ] /taodandan/index.php | NOTIC: [2] filemtime() [<a href='function.filemtime'>function.filemtime</a>]: stat failed for /private/tmp/LtAutoloader-token-cache/d2/1c/d21c4a3d82190d7d1341701b1251a50d.php Autoloader.php 第 277 行.
[ 2012-08-02T18:15:42+08:00 ] /taodandan/index.php | NOTIC: [2] filemtime() [<a href='function.filemtime'>function.filemtime</a>]: stat failed for /private/tmp/LtAutoloader-token-cache/4c/cd/4ccd645e3623506cccd39231c9f8025c.php Autoloader.php 第 277 行.
[ 2012-08-02T18:15:42+08:00 ] /taodandan/index.php | NOTIC: [2] filemtime() [<a href='function.filemtime'>function.filemtime</a>]: stat failed for /private/tmp/LtAutoloader-token-cache/97/d5/97d5b849dffe2863b5a5506eb91c8f20.php Autoloader.php 第 277 行.
[ 2012-08-02T18:15:42+08:00 ] /taodandan/index.php | NOTIC: [2] filemtime() [<a href='function.filemtime'>function.filemtime</a>]: stat failed for /private/tmp/LtAutoloader-token-cache/d6/2b/d62b994cef8883e5151edab846a1cd99.php Autoloader.php 第 277 行.
[ 2012-08-02T18:15:42+08:00 ] /taodandan/index.php | NOTIC: [2] filemtime() [<a href='function.filemtime'>function.filemtime</a>]: stat failed for /private/tmp/LtAutoloader-token-cache/48/8a/488ab1e1f6a0f5185ccd5be70f093604.php Autoloader.php 第 277 行.
[ 2012-08-02T18:15:42+08:00 ] /taodandan/index.php | NOTIC: [2] filemtime() [<a href='function.filemtime'>function.filemtime</a>]: stat failed for /private/tmp/LtAutoloader-token-cache/41/4a/414a9ad4922e39268695c23be016712f.php Autoloader.php 第 277 行.
[ 2012-08-02T18:15:42+08:00 ] /taodandan/index.php | NOTIC: [2] filemtime() [<a href='function.filemtime'>function.filemtime</a>]: stat failed for /private/tmp/LtAutoloader-token-cache/22/83/228393c0ba85a683d0e6e7e4cccf83bd.php Autoloader.php 第 277 行.
[ 2012-08-02T18:15:42+08:00 ] /taodandan/index.php | NOTIC: [2] filemtime() [<a href='function.filemtime'>function.filemtime</a>]: stat failed for /private/tmp/LtAutoloader-token-cache/5a/0d/5a0d85738a1519e771690090f35ee5c2.php Autoloader.php 第 277 行.
[ 2012-08-02T18:15:42+08:00 ] /taodandan/index.php | NOTIC: [2] filemtime() [<a href='function.filemtime'>function.filemtime</a>]: stat failed for /private/tmp/LtAutoloader-token-cache/b1/79/b179c721032fa3860cb2797fc1903987.php Autoloader.php 第 277 行.
[ 2012-08-02T18:15:42+08:00 ] /taodandan/index.php | NOTIC: [2] filemtime() [<a href='function.filemtime'>function.filemtime</a>]: stat failed for /private/tmp/LtAutoloader-token-cache/0b/09/0b091fea2fd0137aacb8a2cd79592119.php Autoloader.php 第 277 行.
[ 2012-08-02T18:15:42+08:00 ] /taodandan/index.php | NOTIC: [2] filemtime() [<a href='function.filemtime'>function.filemtime</a>]: stat failed for /private/tmp/LtAutoloader-token-cache/66/ef/66efa79f7cd4830a773c0638882e6c85.php Autoloader.php 第 277 行.
[ 2012-08-02T18:15:42+08:00 ] /taodandan/index.php | NOTIC: [2] filemtime() [<a href='function.filemtime'>function.filemtime</a>]: stat failed for /private/tmp/LtAutoloader-token-cache/c8/34/c8348657c6e236080d7c96c338fbce77.php Autoloader.php 第 277 行.
[ 2012-08-02T18:15:42+08:00 ] /taodandan/index.php | NOTIC: [2] filemtime() [<a href='function.filemtime'>function.filemtime</a>]: stat failed for /private/tmp/LtAutoloader-token-cache/c9/45/c945b12477ac5388a65a3f4156b3cee1.php Autoloader.php 第 277 行.
[ 2012-08-02T18:15:42+08:00 ] /taodandan/index.php | NOTIC: [2] filemtime() [<a href='function.filemtime'>function.filemtime</a>]: stat failed for /private/tmp/LtAutoloader-token-cache/e8/df/e8dffc86b3cc78cd3275ebfdd9c04193.php Autoloader.php 第 277 行.
[ 2012-08-02T18:15:42+08:00 ] /taodandan/index.php | NOTIC: [2] filemtime() [<a href='function.filemtime'>function.filemtime</a>]: stat failed for /private/tmp/LtAutoloader-token-cache/6b/16/6b16d4113dde591fad825ebca53dc1e9.php Autoloader.php 第 277 行.
[ 2012-08-02T18:15:42+08:00 ] /taodandan/index.php | NOTIC: [2] filemtime() [<a href='function.filemtime'>function.filemtime</a>]: stat failed for /private/tmp/LtAutoloader-token-cache/9d/d1/9dd152e84411ad78aab97a908674604d.php Autoloader.php 第 277 行.
[ 2012-08-02T18:15:42+08:00 ] /taodandan/index.php | NOTIC: [2] filemtime() [<a href='function.filemtime'>function.filemtime</a>]: stat failed for /private/tmp/LtAutoloader-token-cache/e2/c4/e2c4cecfc2f6ae1b7ef940d59470974d.php Autoloader.php 第 277 行.
[ 2012-08-02T18:15:42+08:00 ] /taodandan/index.php | NOTIC: [2] filemtime() [<a href='function.filemtime'>function.filemtime</a>]: stat failed for /private/tmp/LtAutoloader-token-cache/0d/7d/0d7d511855c4139be71ef088e8f4f95a.php Autoloader.php 第 277 行.
[ 2012-08-02T18:15:42+08:00 ] /taodandan/index.php | NOTIC: [2] filemtime() [<a href='function.filemtime'>function.filemtime</a>]: stat failed for /private/tmp/LtAutoloader-token-cache/51/e0/51e00bc83042054cd042672e582ba64e.php Autoloader.php 第 277 行.
[ 2012-08-02T18:15:43+08:00 ] /taodandan/index.php | NOTIC: [2] filemtime() [<a href='function.filemtime'>function.filemtime</a>]: stat failed for /private/tmp/LtAutoloader-token-cache/a5/b6/a5b69dc4e574dd892d24693e7a6844fe.php Autoloader.php 第 277 行.
[ 2012-08-02T18:15:43+08:00 ] /taodandan/index.php | NOTIC: [2] filemtime() [<a href='function.filemtime'>function.filemtime</a>]: stat failed for /private/tmp/LtAutoloader-token-cache/dd/14/dd14e222068da308f078d70dd9823980.php Autoloader.php 第 277 行.
[ 2012-08-02T18:15:43+08:00 ] /taodandan/index.php | NOTIC: [2] filemtime() [<a href='function.filemtime'>function.filemtime</a>]: stat failed for /private/tmp/LtAutoloader-token-cache/df/4e/df4e19937c645fc261e9d6612cfcfbcc.php Autoloader.php 第 277 行.
[ 2012-08-02T18:15:43+08:00 ] /taodandan/index.php | NOTIC: [2] filemtime() [<a href='function.filemtime'>function.filemtime</a>]: stat failed for /private/tmp/LtAutoloader-token-cache/42/5b/425b707920d1f6fc557184a31d297a22.php Autoloader.php 第 277 行.
[ 2012-08-02T18:15:43+08:00 ] /taodandan/index.php | NOTIC: [2] filemtime() [<a href='function.filemtime'>function.filemtime</a>]: stat failed for /private/tmp/LtAutoloader-token-cache/82/ea/82ea2703ec9ef9f822bf55d0a4db227f.php Autoloader.php 第 277 行.
[ 2012-08-02T18:15:43+08:00 ] /taodandan/index.php | NOTIC: [2] filemtime() [<a href='function.filemtime'>function.filemtime</a>]: stat failed for /private/tmp/LtAutoloader-token-cache/89/73/8973f5ac1ff7c732ecb34e2454782fea.php Autoloader.php 第 277 行.
[ 2012-08-02T18:15:43+08:00 ] /taodandan/index.php | NOTIC: [2] filemtime() [<a href='function.filemtime'>function.filemtime</a>]: stat failed for /private/tmp/LtAutoloader-token-cache/59/ac/59ac89306236bd78bd93bbf1c6046d1b.php Autoloader.php 第 277 行.
[ 2012-08-02T18:15:43+08:00 ] /taodandan/index.php | NOTIC: [2] filemtime() [<a href='function.filemtime'>function.filemtime</a>]: stat failed for /private/tmp/LtAutoloader-token-cache/b9/69/b969661f73e9ef204bf7ec62283be381.php Autoloader.php 第 277 行.
[ 2012-08-02T18:15:43+08:00 ] /taodandan/index.php | NOTIC: [2] filemtime() [<a href='function.filemtime'>function.filemtime</a>]: stat failed for /private/tmp/LtAutoloader-token-cache/b5/04/b504087d0f127064a6ed2dcce666fd5a.php Autoloader.php 第 277 行.
[ 2012-08-02T18:15:43+08:00 ] /taodandan/index.php | NOTIC: [2] filemtime() [<a href='function.filemtime'>function.filemtime</a>]: stat failed for /private/tmp/LtAutoloader-token-cache/10/b7/10b744b97dd7407ab0e84bb1530b2493.php Autoloader.php 第 277 行.
[ 2012-08-02T18:15:43+08:00 ] /taodandan/index.php | NOTIC: [2] filemtime() [<a href='function.filemtime'>function.filemtime</a>]: stat failed for /private/tmp/LtAutoloader-token-cache/c8/22/c822be407563e0c51753d92140f5d54f.php Autoloader.php 第 277 行.
[ 2012-08-02T18:15:43+08:00 ] /taodandan/index.php | NOTIC: [2] filemtime() [<a href='function.filemtime'>function.filemtime</a>]: stat failed for /private/tmp/LtAutoloader-token-cache/22/f1/22f18e490dd1c23aae069f9bc8a82491.php Autoloader.php 第 277 行.
[ 2012-08-02T18:15:43+08:00 ] /taodandan/index.php | NOTIC: [2] filemtime() [<a href='function.filemtime'>function.filemtime</a>]: stat failed for /private/tmp/LtAutoloader-token-cache/bc/04/bc043582be64ebf122505df4196bb6ee.php Autoloader.php 第 277 行.
[ 2012-08-02T18:15:43+08:00 ] /taodandan/index.php | NOTIC: [2] filemtime() [<a href='function.filemtime'>function.filemtime</a>]: stat failed for /private/tmp/LtAutoloader-token-cache/70/e8/70e84bd6beba20f9e4b511bc5918dac1.php Autoloader.php 第 277 行.
[ 2012-08-02T18:15:43+08:00 ] /taodandan/index.php | NOTIC: [2] filemtime() [<a href='function.filemtime'>function.filemtime</a>]: stat failed for /private/tmp/LtAutoloader-token-cache/e9/c4/e9c40696935934070fc36088ff4cb3ed.php Autoloader.php 第 277 行.
[ 2012-08-02T18:15:43+08:00 ] /taodandan/index.php | NOTIC: [2] filemtime() [<a href='function.filemtime'>function.filemtime</a>]: stat failed for /private/tmp/LtAutoloader-token-cache/c7/f5/c7f5ab09d67b046feb56f4b7842d8f16.php Autoloader.php 第 277 行.
[ 2012-08-02T18:15:43+08:00 ] /taodandan/index.php | NOTIC: [2] filemtime() [<a href='function.filemtime'>function.filemtime</a>]: stat failed for /private/tmp/LtAutoloader-token-cache/39/da/39da3db790a4a1b868a9616db541d969.php Autoloader.php 第 277 行.
[ 2012-08-02T18:15:43+08:00 ] /taodandan/index.php | NOTIC: [2] filemtime() [<a href='function.filemtime'>function.filemtime</a>]: stat failed for /private/tmp/LtAutoloader-token-cache/da/b7/dab75d6e36901aa32fbdb4c377d248ed.php Autoloader.php 第 277 行.
[ 2012-08-02T18:15:43+08:00 ] /taodandan/index.php | NOTIC: [2] filemtime() [<a href='function.filemtime'>function.filemtime</a>]: stat failed for /private/tmp/LtAutoloader-token-cache/e0/cc/e0ccf47eea795a70ca6368efbf5f842e.php Autoloader.php 第 277 行.
[ 2012-08-02T18:15:43+08:00 ] /taodandan/index.php | NOTIC: [2] filemtime() [<a href='function.filemtime'>function.filemtime</a>]: stat failed for /private/tmp/LtAutoloader-token-cache/db/a1/dba138523354adae997e47c806a5d95e.php Autoloader.php 第 277 行.
[ 2012-08-02T18:15:43+08:00 ] /taodandan/index.php | NOTIC: [2] filemtime() [<a href='function.filemtime'>function.filemtime</a>]: stat failed for /private/tmp/LtAutoloader-token-cache/10/48/10486d9c002f037a1ddb98443eac0465.php Autoloader.php 第 277 行.
[ 2012-08-02T18:15:43+08:00 ] /taodandan/index.php | NOTIC: [2] filemtime() [<a href='function.filemtime'>function.filemtime</a>]: stat failed for /private/tmp/LtAutoloader-token-cache/d6/10/d610dc7776e7bb5966140481ead00a4f.php Autoloader.php 第 277 行.
[ 2012-08-02T18:15:43+08:00 ] /taodandan/index.php | NOTIC: [2] filemtime() [<a href='function.filemtime'>function.filemtime</a>]: stat failed for /private/tmp/LtAutoloader-token-cache/1e/a4/1ea4638bb5c72b9fb305149fac22b480.php Autoloader.php 第 277 行.
[ 2012-08-02T18:15:43+08:00 ] /taodandan/index.php | NOTIC: [2] filemtime() [<a href='function.filemtime'>function.filemtime</a>]: stat failed for /private/tmp/LtAutoloader-token-cache/d3/8c/d38c9d4506a77133848e71b29d85d83c.php Autoloader.php 第 277 行.
[ 2012-08-02T18:15:43+08:00 ] /taodandan/index.php | NOTIC: [2] filemtime() [<a href='function.filemtime'>function.filemtime</a>]: stat failed for /private/tmp/LtAutoloader-token-cache/76/ac/76acbb0b373ecbf36711dbf43fe2799d.php Autoloader.php 第 277 行.
[ 2012-08-02T18:15:43+08:00 ] /taodandan/index.php | NOTIC: [2] filemtime() [<a href='function.filemtime'>function.filemtime</a>]: stat failed for /private/tmp/LtAutoloader-token-cache/6e/71/6e715a077db5b3800064a8d5ee30000a.php Autoloader.php 第 277 行.
[ 2012-08-02T18:15:43+08:00 ] /taodandan/index.php | NOTIC: [2] filemtime() [<a href='function.filemtime'>function.filemtime</a>]: stat failed for /private/tmp/LtAutoloader-token-cache/9e/2f/9e2fe07c8af8b8621549903da1821710.php Autoloader.php 第 277 行.
[ 2012-08-02T18:15:43+08:00 ] /taodandan/index.php | NOTIC: [2] filemtime() [<a href='function.filemtime'>function.filemtime</a>]: stat failed for /private/tmp/LtAutoloader-token-cache/d4/6f/d46f340c628d9953b544f1f3c18c7e99.php Autoloader.php 第 277 行.
[ 2012-08-02T18:15:43+08:00 ] /taodandan/index.php | NOTIC: [2] filemtime() [<a href='function.filemtime'>function.filemtime</a>]: stat failed for /private/tmp/LtAutoloader-token-cache/23/d0/23d0cf2b4ad00c461db92b2578c48c7e.php Autoloader.php 第 277 行.
[ 2012-08-02T18:15:43+08:00 ] /taodandan/index.php | NOTIC: [2] filemtime() [<a href='function.filemtime'>function.filemtime</a>]: stat failed for /private/tmp/LtAutoloader-token-cache/60/c8/60c82ebdd683de48e1927d386c3d296a.php Autoloader.php 第 277 行.
[ 2012-08-02T18:15:43+08:00 ] /taodandan/index.php | NOTIC: [2] filemtime() [<a href='function.filemtime'>function.filemtime</a>]: stat failed for /private/tmp/LtAutoloader-token-cache/c8/08/c808bc1ed3afe91007acb9cd40e0da5f.php Autoloader.php 第 277 行.
[ 2012-08-02T18:15:43+08:00 ] /taodandan/index.php | NOTIC: [2] filemtime() [<a href='function.filemtime'>function.filemtime</a>]: stat failed for /private/tmp/LtAutoloader-token-cache/5e/c5/5ec53a0e02a3223a0cfc07198d3d81e4.php Autoloader.php 第 277 行.
[ 2012-08-02T18:15:43+08:00 ] /taodandan/index.php | NOTIC: [2] filemtime() [<a href='function.filemtime'>function.filemtime</a>]: stat failed for /private/tmp/LtAutoloader-token-cache/47/c5/47c5336c14f8f63ad1693dd2d17d9fcb.php Autoloader.php 第 277 行.
[ 2012-08-02T18:15:43+08:00 ] /taodandan/index.php | NOTIC: [2] filemtime() [<a href='function.filemtime'>function.filemtime</a>]: stat failed for /private/tmp/LtAutoloader-token-cache/60/00/6000c181fcc51508b220369de922d4cb.php Autoloader.php 第 277 行.
[ 2012-08-02T18:15:43+08:00 ] /taodandan/index.php | NOTIC: [2] filemtime() [<a href='function.filemtime'>function.filemtime</a>]: stat failed for /private/tmp/LtAutoloader-token-cache/85/c6/85c638e45413e2171602b9cac09b8812.php Autoloader.php 第 277 行.
[ 2012-08-02T18:15:43+08:00 ] /taodandan/index.php | NOTIC: [2] filemtime() [<a href='function.filemtime'>function.filemtime</a>]: stat failed for /private/tmp/LtAutoloader-token-cache/a8/0b/a80bde7d5808e1abcb70997e46c424da.php Autoloader.php 第 277 行.
[ 2012-08-02T18:15:43+08:00 ] /taodandan/index.php | NOTIC: [2] filemtime() [<a href='function.filemtime'>function.filemtime</a>]: stat failed for /private/tmp/LtAutoloader-token-cache/72/c0/72c06ce7ba7e7c8a4f6378865e938eb7.php Autoloader.php 第 277 行.
[ 2012-08-02T18:15:43+08:00 ] /taodandan/index.php | NOTIC: [2] filemtime() [<a href='function.filemtime'>function.filemtime</a>]: stat failed for /private/tmp/LtAutoloader-token-cache/2c/c3/2cc3f0c2dbb533d69cbbc71835eaa2de.php Autoloader.php 第 277 行.
[ 2012-08-02T18:15:43+08:00 ] /taodandan/index.php | NOTIC: [2] filemtime() [<a href='function.filemtime'>function.filemtime</a>]: stat failed for /private/tmp/LtAutoloader-token-cache/a4/96/a49621ed41b1d1a726f03e99375f09b7.php Autoloader.php 第 277 行.
[ 2012-08-02T18:15:43+08:00 ] /taodandan/index.php | NOTIC: [2] filemtime() [<a href='function.filemtime'>function.filemtime</a>]: stat failed for /private/tmp/LtAutoloader-token-cache/ca/6c/ca6c5ac78d66dd34f2f1f1fff585cc02.php Autoloader.php 第 277 行.
[ 2012-08-02T18:15:43+08:00 ] /taodandan/index.php | NOTIC: [2] filemtime() [<a href='function.filemtime'>function.filemtime</a>]: stat failed for /private/tmp/LtAutoloader-token-cache/52/a5/52a537df2b0b6775104a9ec7888753b3.php Autoloader.php 第 277 行.
[ 2012-08-02T18:15:43+08:00 ] /taodandan/index.php | NOTIC: [2] filemtime() [<a href='function.filemtime'>function.filemtime</a>]: stat failed for /private/tmp/LtAutoloader-token-cache/31/ce/31ce6942a6c486f80fc9a54004687e60.php Autoloader.php 第 277 行.
[ 2012-08-02T18:15:43+08:00 ] /taodandan/index.php | NOTIC: [2] filemtime() [<a href='function.filemtime'>function.filemtime</a>]: stat failed for /private/tmp/LtAutoloader-token-cache/f1/d6/f1d601d305abd8edd0c328a7fe6378b7.php Autoloader.php 第 277 行.
[ 2012-08-02T18:15:43+08:00 ] /taodandan/index.php | NOTIC: [2] filemtime() [<a href='function.filemtime'>function.filemtime</a>]: stat failed for /private/tmp/LtAutoloader-token-cache/ad/5c/ad5c9492d29f1756b7fb24cbc998cb31.php Autoloader.php 第 277 行.
[ 2012-08-02T18:15:43+08:00 ] /taodandan/index.php | NOTIC: [2] filemtime() [<a href='function.filemtime'>function.filemtime</a>]: stat failed for /private/tmp/LtAutoloader-token-cache/ce/bf/cebf41c1b3686d97db5edf04e3f1b035.php Autoloader.php 第 277 行.
[ 2012-08-02T18:15:43+08:00 ] /taodandan/index.php | NOTIC: [2] filemtime() [<a href='function.filemtime'>function.filemtime</a>]: stat failed for /private/tmp/LtAutoloader-token-cache/92/ef/92ef6b244a996b27695aff05d51f8c62.php Autoloader.php 第 277 行.
[ 2012-08-02T18:15:43+08:00 ] /taodandan/index.php | NOTIC: [2] filemtime() [<a href='function.filemtime'>function.filemtime</a>]: stat failed for /private/tmp/LtAutoloader-token-cache/cd/78/cd783b5e4560d1bb0fe2e0436cc51952.php Autoloader.php 第 277 行.
[ 2012-08-02T18:15:43+08:00 ] /taodandan/index.php | NOTIC: [2] filemtime() [<a href='function.filemtime'>function.filemtime</a>]: stat failed for /private/tmp/LtAutoloader-token-cache/57/51/57512c6404b580001f09c5a5511d71db.php Autoloader.php 第 277 行.
[ 2012-08-02T18:15:43+08:00 ] /taodandan/index.php | NOTIC: [2] filemtime() [<a href='function.filemtime'>function.filemtime</a>]: stat failed for /private/tmp/LtAutoloader-token-cache/dc/3d/dc3d23b72d37b7cc7a94ef3c8d44f3fb.php Autoloader.php 第 277 行.
[ 2012-08-02T18:15:43+08:00 ] /taodandan/index.php | NOTIC: [2] filemtime() [<a href='function.filemtime'>function.filemtime</a>]: stat failed for /private/tmp/LtAutoloader-token-cache/9f/d0/9fd04a6da054e73acea12e76ccfaab5b.php Autoloader.php 第 277 行.
[ 2012-08-02T18:15:43+08:00 ] /taodandan/index.php | NOTIC: [2] filemtime() [<a href='function.filemtime'>function.filemtime</a>]: stat failed for /private/tmp/LtAutoloader-token-cache/1e/46/1e46024b6cadca14293293366161511e.php Autoloader.php 第 277 行.
[ 2012-08-02T18:15:43+08:00 ] /taodandan/index.php | NOTIC: [2] filemtime() [<a href='function.filemtime'>function.filemtime</a>]: stat failed for /private/tmp/LtAutoloader-token-cache/bb/61/bb61739f0694b92ea1f19e8645e23bda.php Autoloader.php 第 277 行.
[ 2012-08-02T18:15:43+08:00 ] /taodandan/index.php | NOTIC: [2] filemtime() [<a href='function.filemtime'>function.filemtime</a>]: stat failed for /private/tmp/LtAutoloader-token-cache/54/3a/543a28241c132883c312a67fbd68f430.php Autoloader.php 第 277 行.
[ 2012-08-02T18:15:43+08:00 ] /taodandan/index.php | NOTIC: [2] filemtime() [<a href='function.filemtime'>function.filemtime</a>]: stat failed for /private/tmp/LtAutoloader-token-cache/0d/2d/0d2d2266ff962295745687d8072f0efa.php Autoloader.php 第 277 行.
[ 2012-08-02T18:15:43+08:00 ] /taodandan/index.php | NOTIC: [2] filemtime() [<a href='function.filemtime'>function.filemtime</a>]: stat failed for /private/tmp/LtAutoloader-token-cache/d9/0d/d90dc36cfdc8f45db2ec4f28166e674d.php Autoloader.php 第 277 行.
[ 2012-08-02T18:15:43+08:00 ] /taodandan/index.php | NOTIC: [2] filemtime() [<a href='function.filemtime'>function.filemtime</a>]: stat failed for /private/tmp/LtAutoloader-token-cache/14/a6/14a6c6f0ad4720ffadd7c24bd031ea70.php Autoloader.php 第 277 行.
[ 2012-08-02T18:15:43+08:00 ] /taodandan/index.php | NOTIC: [2] filemtime() [<a href='function.filemtime'>function.filemtime</a>]: stat failed for /private/tmp/LtAutoloader-token-cache/ec/05/ec0506daca71194c947427e4921e5b7d.php Autoloader.php 第 277 行.
[ 2012-08-02T18:15:43+08:00 ] /taodandan/index.php | NOTIC: [2] filemtime() [<a href='function.filemtime'>function.filemtime</a>]: stat failed for /private/tmp/LtAutoloader-token-cache/1b/8a/1b8a8983d4c5cc01afc6283bf9554652.php Autoloader.php 第 277 行.
[ 2012-08-02T18:15:43+08:00 ] /taodandan/index.php | NOTIC: [2] filemtime() [<a href='function.filemtime'>function.filemtime</a>]: stat failed for /private/tmp/LtAutoloader-token-cache/30/1c/301c322db2037014d53c3af82aa3164f.php Autoloader.php 第 277 行.
[ 2012-08-02T18:15:43+08:00 ] /taodandan/index.php | NOTIC: [2] filemtime() [<a href='function.filemtime'>function.filemtime</a>]: stat failed for /private/tmp/LtAutoloader-token-cache/ab/a7/aba726c4f1f7b82f1e273770234191ea.php Autoloader.php 第 277 行.
[ 2012-08-02T18:15:43+08:00 ] /taodandan/index.php | NOTIC: [2] filemtime() [<a href='function.filemtime'>function.filemtime</a>]: stat failed for /private/tmp/LtAutoloader-token-cache/dc/b4/dcb44b9c40fbfed04208bcad787bb76a.php Autoloader.php 第 277 行.
[ 2012-08-02T18:15:43+08:00 ] /taodandan/index.php | NOTIC: [2] filemtime() [<a href='function.filemtime'>function.filemtime</a>]: stat failed for /private/tmp/LtAutoloader-token-cache/fc/2b/fc2bdec9fcb98f9b757972fd8f467884.php Autoloader.php 第 277 行.
[ 2012-08-02T18:15:43+08:00 ] /taodandan/index.php | NOTIC: [2] filemtime() [<a href='function.filemtime'>function.filemtime</a>]: stat failed for /private/tmp/LtAutoloader-token-cache/80/97/80973b4fb9c39de7466d60a7340afab7.php Autoloader.php 第 277 行.
[ 2012-08-02T18:15:43+08:00 ] /taodandan/index.php | NOTIC: [2] filemtime() [<a href='function.filemtime'>function.filemtime</a>]: stat failed for /private/tmp/LtAutoloader-token-cache/04/f2/04f20e368b7927b3de81d92fe1ded696.php Autoloader.php 第 277 行.
[ 2012-08-02T18:15:43+08:00 ] /taodandan/index.php | NOTIC: [2] filemtime() [<a href='function.filemtime'>function.filemtime</a>]: stat failed for /private/tmp/LtAutoloader-token-cache/8c/3d/8c3d2a56e87b3d4905ea10a5585a69b8.php Autoloader.php 第 277 行.
[ 2012-08-02T18:15:43+08:00 ] /taodandan/index.php | NOTIC: [2] filemtime() [<a href='function.filemtime'>function.filemtime</a>]: stat failed for /private/tmp/LtAutoloader-token-cache/f1/8e/f18e3e3989c6271ced34c164597b73d4.php Autoloader.php 第 277 行.
[ 2012-08-02T18:15:43+08:00 ] /taodandan/index.php | NOTIC: [2] filemtime() [<a href='function.filemtime'>function.filemtime</a>]: stat failed for /private/tmp/LtAutoloader-token-cache/1e/35/1e35bfec2c14958a116749b6ebe5ff15.php Autoloader.php 第 277 行.
[ 2012-08-02T18:15:43+08:00 ] /taodandan/index.php | NOTIC: [2] filemtime() [<a href='function.filemtime'>function.filemtime</a>]: stat failed for /private/tmp/LtAutoloader-token-cache/11/ad/11ad77cb494347930518a6a65c45011d.php Autoloader.php 第 277 行.
[ 2012-08-02T18:15:43+08:00 ] /taodandan/index.php | NOTIC: [2] filemtime() [<a href='function.filemtime'>function.filemtime</a>]: stat failed for /private/tmp/LtAutoloader-token-cache/b5/3b/b53b38d2517d52247846cf2dfd751b7f.php Autoloader.php 第 277 行.
[ 2012-08-02T18:15:43+08:00 ] /taodandan/index.php | NOTIC: [2] filemtime() [<a href='function.filemtime'>function.filemtime</a>]: stat failed for /private/tmp/LtAutoloader-token-cache/53/88/5388ce7844a7ccd85e0e03174d4ef3e9.php Autoloader.php 第 277 行.
[ 2012-08-02T18:15:43+08:00 ] /taodandan/index.php | NOTIC: [2] filemtime() [<a href='function.filemtime'>function.filemtime</a>]: stat failed for /private/tmp/LtAutoloader-token-cache/74/ca/74ca0ca51ca0589f708ba48d69bf1218.php Autoloader.php 第 277 行.
[ 2012-08-02T18:15:43+08:00 ] /taodandan/index.php | NOTIC: [2] filemtime() [<a href='function.filemtime'>function.filemtime</a>]: stat failed for /private/tmp/LtAutoloader-token-cache/4c/a0/4ca0bf3182febb14e7004e348a358f6b.php Autoloader.php 第 277 行.
[ 2012-08-02T18:15:43+08:00 ] /taodandan/index.php | NOTIC: [2] filemtime() [<a href='function.filemtime'>function.filemtime</a>]: stat failed for /private/tmp/LtAutoloader-token-cache/ce/55/ce55819e1667edf4c98c107544c10771.php Autoloader.php 第 277 行.
[ 2012-08-02T18:15:43+08:00 ] /taodandan/index.php | NOTIC: [2] filemtime() [<a href='function.filemtime'>function.filemtime</a>]: stat failed for /private/tmp/LtAutoloader-token-cache/6c/4b/6c4b6e0432c4fa84e540ed38101d33d6.php Autoloader.php 第 277 行.
[ 2012-08-02T18:15:43+08:00 ] /taodandan/index.php | NOTIC: [2] filemtime() [<a href='function.filemtime'>function.filemtime</a>]: stat failed for /private/tmp/LtAutoloader-token-cache/5a/12/5a1217ae0d520eaafa80c983bfc356a7.php Autoloader.php 第 277 行.
[ 2012-08-02T18:15:43+08:00 ] /taodandan/index.php | NOTIC: [2] filemtime() [<a href='function.filemtime'>function.filemtime</a>]: stat failed for /private/tmp/LtAutoloader-token-cache/c2/99/c2999f6d67e60fac94be37c29f7fc3e9.php Autoloader.php 第 277 行.
[ 2012-08-02T18:15:43+08:00 ] /taodandan/index.php | NOTIC: [2] filemtime() [<a href='function.filemtime'>function.filemtime</a>]: stat failed for /private/tmp/LtAutoloader-token-cache/74/47/744795a8f824b061592b207e2fb443ed.php Autoloader.php 第 277 行.
[ 2012-08-02T18:15:43+08:00 ] /taodandan/index.php | NOTIC: [2] filemtime() [<a href='function.filemtime'>function.filemtime</a>]: stat failed for /private/tmp/LtAutoloader-token-cache/e8/68/e868d58256a573dd769d783ea8cd8dc9.php Autoloader.php 第 277 行.
[ 2012-08-02T18:15:43+08:00 ] /taodandan/index.php | NOTIC: [2] filemtime() [<a href='function.filemtime'>function.filemtime</a>]: stat failed for /private/tmp/LtAutoloader-token-cache/b2/b0/b2b086382f1669c9119c7c2923aa2d45.php Autoloader.php 第 277 行.
[ 2012-08-02T18:15:43+08:00 ] /taodandan/index.php | NOTIC: [2] filemtime() [<a href='function.filemtime'>function.filemtime</a>]: stat failed for /private/tmp/LtAutoloader-token-cache/bd/97/bd9713ae9b8395351370af2f33fcb9b1.php Autoloader.php 第 277 行.
[ 2012-08-02T18:15:43+08:00 ] /taodandan/index.php | NOTIC: [2] filemtime() [<a href='function.filemtime'>function.filemtime</a>]: stat failed for /private/tmp/LtAutoloader-token-cache/48/89/4889608987934fc3b115b27fb9847311.php Autoloader.php 第 277 行.
[ 2012-08-02T18:15:43+08:00 ] /taodandan/index.php | NOTIC: [2] filemtime() [<a href='function.filemtime'>function.filemtime</a>]: stat failed for /private/tmp/LtAutoloader-token-cache/ed/0f/ed0fb67caa0fd1af686907583535f79f.php Autoloader.php 第 277 行.
[ 2012-08-02T18:15:43+08:00 ] /taodandan/index.php | NOTIC: [2] filemtime() [<a href='function.filemtime'>function.filemtime</a>]: stat failed for /private/tmp/LtAutoloader-token-cache/57/80/5780f51e8e3fdb07ce99c048db3ab660.php Autoloader.php 第 277 行.
[ 2012-08-02T18:15:43+08:00 ] /taodandan/index.php | NOTIC: [2] filemtime() [<a href='function.filemtime'>function.filemtime</a>]: stat failed for /private/tmp/LtAutoloader-token-cache/c2/43/c243367a24a07332c2e33877323e6b51.php Autoloader.php 第 277 行.
[ 2012-08-02T18:15:43+08:00 ] /taodandan/index.php | NOTIC: [2] filemtime() [<a href='function.filemtime'>function.filemtime</a>]: stat failed for /private/tmp/LtAutoloader-token-cache/63/74/6374bc3163225df7761ccb36a82ffa28.php Autoloader.php 第 277 行.
[ 2012-08-02T18:15:43+08:00 ] /taodandan/index.php | NOTIC: [2] filemtime() [<a href='function.filemtime'>function.filemtime</a>]: stat failed for /private/tmp/LtAutoloader-token-cache/90/80/9080e2f5b4e8f8b9472235469fbadf23.php Autoloader.php 第 277 行.
[ 2012-08-02T18:15:43+08:00 ] /taodandan/index.php | NOTIC: [2] filemtime() [<a href='function.filemtime'>function.filemtime</a>]: stat failed for /private/tmp/LtAutoloader-token-cache/f7/ef/f7efad0e6fddd7f435a18d4c6b47a1d7.php Autoloader.php 第 277 行.
[ 2012-08-02T18:15:43+08:00 ] /taodandan/index.php | NOTIC: [2] filemtime() [<a href='function.filemtime'>function.filemtime</a>]: stat failed for /private/tmp/LtAutoloader-token-cache/81/5a/815a742581b597b55f84b3ad5f6589d9.php Autoloader.php 第 277 行.
[ 2012-08-02T18:15:43+08:00 ] /taodandan/index.php | NOTIC: [2] filemtime() [<a href='function.filemtime'>function.filemtime</a>]: stat failed for /private/tmp/LtAutoloader-token-cache/53/70/53707bea5cd6f571bc5510b81901aab1.php Autoloader.php 第 277 行.
[ 2012-08-02T18:15:43+08:00 ] /taodandan/index.php | NOTIC: [2] filemtime() [<a href='function.filemtime'>function.filemtime</a>]: stat failed for /private/tmp/LtAutoloader-token-cache/47/31/47310ac0891d4f1f5416df0b59a6e710.php Autoloader.php 第 277 行.
[ 2012-08-02T18:15:43+08:00 ] /taodandan/index.php | NOTIC: [2] filemtime() [<a href='function.filemtime'>function.filemtime</a>]: stat failed for /private/tmp/LtAutoloader-token-cache/b7/ec/b7ec29ce82aefaf4a3b84f0b7e7c8814.php Autoloader.php 第 277 行.
[ 2012-08-02T18:15:43+08:00 ] /taodandan/index.php | NOTIC: [2] filemtime() [<a href='function.filemtime'>function.filemtime</a>]: stat failed for /private/tmp/LtAutoloader-token-cache/60/d7/60d723625bc897d2b0167f34e52f4e7f.php Autoloader.php 第 277 行.
[ 2012-08-02T18:15:43+08:00 ] /taodandan/index.php | NOTIC: [2] filemtime() [<a href='function.filemtime'>function.filemtime</a>]: stat failed for /private/tmp/LtAutoloader-token-cache/92/36/9236c1389debfad9237995b2fe0c12b0.php Autoloader.php 第 277 行.
[ 2012-08-02T18:15:43+08:00 ] /taodandan/index.php | NOTIC: [2] filemtime() [<a href='function.filemtime'>function.filemtime</a>]: stat failed for /private/tmp/LtAutoloader-token-cache/9e/12/9e129032929bd033de45d8d5d7af0c0f.php Autoloader.php 第 277 行.
[ 2012-08-02T18:15:43+08:00 ] /taodandan/index.php | NOTIC: [2] filemtime() [<a href='function.filemtime'>function.filemtime</a>]: stat failed for /private/tmp/LtAutoloader-token-cache/79/38/79381c6bdd5a1d8f44917d81841237a8.php Autoloader.php 第 277 行.
[ 2012-08-02T18:15:43+08:00 ] /taodandan/index.php | NOTIC: [2] filemtime() [<a href='function.filemtime'>function.filemtime</a>]: stat failed for /private/tmp/LtAutoloader-token-cache/27/cb/27cbaa7eaf5ea6b503a4c4db3a6d5efa.php Autoloader.php 第 277 行.
[ 2012-08-02T18:15:43+08:00 ] /taodandan/index.php | NOTIC: [2] filemtime() [<a href='function.filemtime'>function.filemtime</a>]: stat failed for /private/tmp/LtAutoloader-token-cache/fe/23/fe2384c2c3af6cda90b4858897a8c2f6.php Autoloader.php 第 277 行.
[ 2012-08-02T18:15:43+08:00 ] /taodandan/index.php | NOTIC: [2] filemtime() [<a href='function.filemtime'>function.filemtime</a>]: stat failed for /private/tmp/LtAutoloader-token-cache/d8/78/d878a7c647ab01d79489e149cfd241e9.php Autoloader.php 第 277 行.
[ 2012-08-02T18:15:43+08:00 ] /taodandan/index.php | NOTIC: [2] filemtime() [<a href='function.filemtime'>function.filemtime</a>]: stat failed for /private/tmp/LtAutoloader-token-cache/bf/39/bf390b2de0dc27e2a8832a12fa3d8582.php Autoloader.php 第 277 行.
[ 2012-08-02T18:15:43+08:00 ] /taodandan/index.php | NOTIC: [2] filemtime() [<a href='function.filemtime'>function.filemtime</a>]: stat failed for /private/tmp/LtAutoloader-token-cache/d4/6e/d46efb42150acd941a5312540cbd4cd7.php Autoloader.php 第 277 行.
[ 2012-08-02T18:15:43+08:00 ] /taodandan/index.php | NOTIC: [2] filemtime() [<a href='function.filemtime'>function.filemtime</a>]: stat failed for /private/tmp/LtAutoloader-token-cache/33/c4/33c493705d90ebad4c8d99622a365659.php Autoloader.php 第 277 行.
[ 2012-08-02T18:15:43+08:00 ] /taodandan/index.php | NOTIC: [2] filemtime() [<a href='function.filemtime'>function.filemtime</a>]: stat failed for /private/tmp/LtAutoloader-token-cache/e5/f5/e5f590d7b0fcbe058a48c397c3654e56.php Autoloader.php 第 277 行.
[ 2012-08-02T18:15:43+08:00 ] /taodandan/index.php | NOTIC: [2] filemtime() [<a href='function.filemtime'>function.filemtime</a>]: stat failed for /private/tmp/LtAutoloader-token-cache/f6/9e/f69ee587c5d37b7bde03d1125a86e096.php Autoloader.php 第 277 行.
[ 2012-08-02T18:15:43+08:00 ] /taodandan/index.php | NOTIC: [2] filemtime() [<a href='function.filemtime'>function.filemtime</a>]: stat failed for /private/tmp/LtAutoloader-token-cache/99/96/99968c2f042796a80d1566933b66530a.php Autoloader.php 第 277 行.
[ 2012-08-02T18:15:43+08:00 ] /taodandan/index.php | NOTIC: [2] filemtime() [<a href='function.filemtime'>function.filemtime</a>]: stat failed for /private/tmp/LtAutoloader-token-cache/a6/5c/a65c620de48709b8451fb58564bb56a5.php Autoloader.php 第 277 行.
[ 2012-08-02T18:15:43+08:00 ] /taodandan/index.php | NOTIC: [2] filemtime() [<a href='function.filemtime'>function.filemtime</a>]: stat failed for /private/tmp/LtAutoloader-token-cache/ac/b4/acb4f9c2ba23da6c293b3c82e0ba51c5.php Autoloader.php 第 277 行.
[ 2012-08-02T18:15:43+08:00 ] /taodandan/index.php | NOTIC: [2] filemtime() [<a href='function.filemtime'>function.filemtime</a>]: stat failed for /private/tmp/LtAutoloader-token-cache/6d/d5/6dd501ea39faface79467201964e7647.php Autoloader.php 第 277 行.
[ 2012-08-02T18:15:43+08:00 ] /taodandan/index.php | NOTIC: [2] filemtime() [<a href='function.filemtime'>function.filemtime</a>]: stat failed for /private/tmp/LtAutoloader-token-cache/5d/15/5d1515a1f717ab0591e1951c1fcea2aa.php Autoloader.php 第 277 行.
[ 2012-08-02T18:15:43+08:00 ] /taodandan/index.php | NOTIC: [2] filemtime() [<a href='function.filemtime'>function.filemtime</a>]: stat failed for /private/tmp/LtAutoloader-token-cache/fb/3d/fb3d8fab00a4d856c82f6154fe1379f5.php Autoloader.php 第 277 行.
[ 2012-08-02T18:15:43+08:00 ] /taodandan/index.php | NOTIC: [2] filemtime() [<a href='function.filemtime'>function.filemtime</a>]: stat failed for /private/tmp/LtAutoloader-token-cache/58/3d/583d2ceca106558c6e0b70f6f4c61b4d.php Autoloader.php 第 277 行.
[ 2012-08-02T18:15:43+08:00 ] /taodandan/index.php | NOTIC: [2] filemtime() [<a href='function.filemtime'>function.filemtime</a>]: stat failed for /private/tmp/LtAutoloader-token-cache/91/9d/919d01a78ecef5d22cbd620956e3d194.php Autoloader.php 第 277 行.
[ 2012-08-02T18:15:43+08:00 ] /taodandan/index.php | NOTIC: [2] filemtime() [<a href='function.filemtime'>function.filemtime</a>]: stat failed for /private/tmp/LtAutoloader-token-cache/c1/17/c1170cc98dc2018fd2d814c704a35734.php Autoloader.php 第 277 行.
[ 2012-08-02T18:15:43+08:00 ] /taodandan/index.php | NOTIC: [2] filemtime() [<a href='function.filemtime'>function.filemtime</a>]: stat failed for /private/tmp/LtAutoloader-token-cache/88/40/88402d0203b5eeca099ded9124124c16.php Autoloader.php 第 277 行.
[ 2012-08-02T18:15:43+08:00 ] /taodandan/index.php | NOTIC: [2] filemtime() [<a href='function.filemtime'>function.filemtime</a>]: stat failed for /private/tmp/LtAutoloader-token-cache/83/32/8332e6eb4e9c998cbfce6bff805862e2.php Autoloader.php 第 277 行.
[ 2012-08-02T18:15:43+08:00 ] /taodandan/index.php | NOTIC: [2] filemtime() [<a href='function.filemtime'>function.filemtime</a>]: stat failed for /private/tmp/LtAutoloader-token-cache/2a/c9/2ac9449888fe440c855ad9f5f3103d56.php Autoloader.php 第 277 行.
[ 2012-08-02T18:15:43+08:00 ] /taodandan/index.php | NOTIC: [2] filemtime() [<a href='function.filemtime'>function.filemtime</a>]: stat failed for /private/tmp/LtAutoloader-token-cache/21/2f/212f4b35ada05195b6d07a8c317237df.php Autoloader.php 第 277 行.
[ 2012-08-02T18:15:43+08:00 ] /taodandan/index.php | NOTIC: [2] filemtime() [<a href='function.filemtime'>function.filemtime</a>]: stat failed for /private/tmp/LtAutoloader-token-cache/ce/af/ceaf40fd3bc06def577facdb2feeba8d.php Autoloader.php 第 277 行.
[ 2012-08-02T18:15:43+08:00 ] /taodandan/index.php | NOTIC: [2] filemtime() [<a href='function.filemtime'>function.filemtime</a>]: stat failed for /private/tmp/LtAutoloader-token-cache/89/e6/89e646013e723ff61025770067e9c80d.php Autoloader.php 第 277 行.
[ 2012-08-02T18:15:43+08:00 ] /taodandan/index.php | NOTIC: [2] filemtime() [<a href='function.filemtime'>function.filemtime</a>]: stat failed for /private/tmp/LtAutoloader-token-cache/84/b7/84b7463dba6d7fd1118a1b3c2cf55789.php Autoloader.php 第 277 行.
[ 2012-08-02T18:15:43+08:00 ] /taodandan/index.php | NOTIC: [2] filemtime() [<a href='function.filemtime'>function.filemtime</a>]: stat failed for /private/tmp/LtAutoloader-token-cache/a5/9d/a59dc99399c379733352bdfb22b895d2.php Autoloader.php 第 277 行.
[ 2012-08-02T18:15:43+08:00 ] /taodandan/index.php | NOTIC: [2] filemtime() [<a href='function.filemtime'>function.filemtime</a>]: stat failed for /private/tmp/LtAutoloader-token-cache/82/d0/82d01c0ccd26c90ae621d251c76cfc2e.php Autoloader.php 第 277 行.
[ 2012-08-02T18:15:43+08:00 ] /taodandan/index.php | NOTIC: [2] filemtime() [<a href='function.filemtime'>function.filemtime</a>]: stat failed for /private/tmp/LtAutoloader-token-cache/20/71/2071018259e9894ba201ebbfa2156583.php Autoloader.php 第 277 行.
[ 2012-08-02T18:15:43+08:00 ] /taodandan/index.php | NOTIC: [2] filemtime() [<a href='function.filemtime'>function.filemtime</a>]: stat failed for /private/tmp/LtAutoloader-token-cache/18/95/189599f9060d29f989d9de1228bf46d9.php Autoloader.php 第 277 行.
[ 2012-08-02T18:15:43+08:00 ] /taodandan/index.php | NOTIC: [2] filemtime() [<a href='function.filemtime'>function.filemtime</a>]: stat failed for /private/tmp/LtAutoloader-token-cache/02/b6/02b69347cf9774e2e077ccd20bba3932.php Autoloader.php 第 277 行.
[ 2012-08-02T18:15:43+08:00 ] /taodandan/index.php | NOTIC: [2] filemtime() [<a href='function.filemtime'>function.filemtime</a>]: stat failed for /private/tmp/LtAutoloader-token-cache/fd/b0/fdb09dd8f18072d86d693594012d5568.php Autoloader.php 第 277 行.
[ 2012-08-02T18:15:43+08:00 ] /taodandan/index.php | NOTIC: [2] filemtime() [<a href='function.filemtime'>function.filemtime</a>]: stat failed for /private/tmp/LtAutoloader-token-cache/e3/8d/e38db26aa016c3f32d68aacfcdd82a04.php Autoloader.php 第 277 行.
[ 2012-08-02T18:15:43+08:00 ] /taodandan/index.php | NOTIC: [2] filemtime() [<a href='function.filemtime'>function.filemtime</a>]: stat failed for /private/tmp/LtAutoloader-token-cache/d3/15/d3157224814387c60bbccb1af7ec5ce9.php Autoloader.php 第 277 行.
[ 2012-08-02T18:15:43+08:00 ] /taodandan/index.php | NOTIC: [2] filemtime() [<a href='function.filemtime'>function.filemtime</a>]: stat failed for /private/tmp/LtAutoloader-token-cache/83/02/8302f06ff316a87d23ae4baac916b1e6.php Autoloader.php 第 277 行.
[ 2012-08-02T18:15:43+08:00 ] /taodandan/index.php | NOTIC: [2] filemtime() [<a href='function.filemtime'>function.filemtime</a>]: stat failed for /private/tmp/LtAutoloader-token-cache/c3/34/c3340d6f4cea784b45cc2a68fba4d2da.php Autoloader.php 第 277 行.
[ 2012-08-02T18:15:43+08:00 ] /taodandan/index.php | NOTIC: [2] filemtime() [<a href='function.filemtime'>function.filemtime</a>]: stat failed for /private/tmp/LtAutoloader-token-cache/9d/46/9d464d03aad6477dff33257b8f5cee70.php Autoloader.php 第 277 行.
[ 2012-08-02T18:15:43+08:00 ] /taodandan/index.php | NOTIC: [2] filemtime() [<a href='function.filemtime'>function.filemtime</a>]: stat failed for /private/tmp/LtAutoloader-token-cache/5b/66/5b662e2a16c137c48b5b7c241c35919a.php Autoloader.php 第 277 行.
[ 2012-08-02T18:15:43+08:00 ] /taodandan/index.php | NOTIC: [2] filemtime() [<a href='function.filemtime'>function.filemtime</a>]: stat failed for /private/tmp/LtAutoloader-token-cache/fe/c2/fec2e75579de9219cac2992282b90f5e.php Autoloader.php 第 277 行.
[ 2012-08-02T18:15:43+08:00 ] /taodandan/index.php | NOTIC: [2] filemtime() [<a href='function.filemtime'>function.filemtime</a>]: stat failed for /private/tmp/LtAutoloader-token-cache/5b/82/5b823c2f402b886979628195bf757704.php Autoloader.php 第 277 行.
[ 2012-08-02T18:15:43+08:00 ] /taodandan/index.php | NOTIC: [2] filemtime() [<a href='function.filemtime'>function.filemtime</a>]: stat failed for /private/tmp/LtAutoloader-token-cache/5a/9f/5a9f2ed6fa4b32842432286432e9616c.php Autoloader.php 第 277 行.
[ 2012-08-02T18:15:43+08:00 ] /taodandan/index.php | NOTIC: [2] filemtime() [<a href='function.filemtime'>function.filemtime</a>]: stat failed for /private/tmp/LtAutoloader-token-cache/11/06/1106e6b185b7e39941c276252e1f88d9.php Autoloader.php 第 277 行.
[ 2012-08-02T18:15:43+08:00 ] /taodandan/index.php | NOTIC: [2] filemtime() [<a href='function.filemtime'>function.filemtime</a>]: stat failed for /private/tmp/LtAutoloader-token-cache/df/ce/dfceaab33182bda42714630e6dcfca68.php Autoloader.php 第 277 行.
[ 2012-08-02T18:15:43+08:00 ] /taodandan/index.php | NOTIC: [2] filemtime() [<a href='function.filemtime'>function.filemtime</a>]: stat failed for /private/tmp/LtAutoloader-token-cache/4c/a5/4ca58930973ddc54c1e4067a79017a08.php Autoloader.php 第 277 行.
[ 2012-08-02T18:15:43+08:00 ] /taodandan/index.php | NOTIC: [2] filemtime() [<a href='function.filemtime'>function.filemtime</a>]: stat failed for /private/tmp/LtAutoloader-token-cache/0e/0f/0e0f304d824155b3f0b08014eebb4503.php Autoloader.php 第 277 行.
[ 2012-08-02T18:15:43+08:00 ] /taodandan/index.php | NOTIC: [2] filemtime() [<a href='function.filemtime'>function.filemtime</a>]: stat failed for /private/tmp/LtAutoloader-token-cache/7e/b8/7eb85d77ebc59a63900fef5f98103c2b.php Autoloader.php 第 277 行.
[ 2012-08-02T18:15:43+08:00 ] /taodandan/index.php | NOTIC: [2] filemtime() [<a href='function.filemtime'>function.filemtime</a>]: stat failed for /private/tmp/LtAutoloader-token-cache/bb/10/bb10525070b5cd430d872a51bb8c4e9b.php Autoloader.php 第 277 行.
[ 2012-08-02T18:15:43+08:00 ] /taodandan/index.php | NOTIC: [2] filemtime() [<a href='function.filemtime'>function.filemtime</a>]: stat failed for /private/tmp/LtAutoloader-token-cache/28/a2/28a245da3af56642da9ed7d0841ee22c.php Autoloader.php 第 277 行.
[ 2012-08-02T18:15:43+08:00 ] /taodandan/index.php | NOTIC: [2] filemtime() [<a href='function.filemtime'>function.filemtime</a>]: stat failed for /private/tmp/LtAutoloader-token-cache/70/1e/701eaf31657cd1ab8a9023ec8db7ed8a.php Autoloader.php 第 277 行.
[ 2012-08-02T18:15:43+08:00 ] /taodandan/index.php | NOTIC: [2] filemtime() [<a href='function.filemtime'>function.filemtime</a>]: stat failed for /private/tmp/LtAutoloader-token-cache/8f/0e/8f0e7bd1ce0f851ea94a73b41d4ef7d1.php Autoloader.php 第 277 行.
[ 2012-08-02T18:15:43+08:00 ] /taodandan/index.php | NOTIC: [2] filemtime() [<a href='function.filemtime'>function.filemtime</a>]: stat failed for /private/tmp/LtAutoloader-token-cache/49/6d/496de1a4c4cd0ab86022047b9a61d785.php Autoloader.php 第 277 行.
[ 2012-08-02T18:15:43+08:00 ] /taodandan/index.php | NOTIC: [2] filemtime() [<a href='function.filemtime'>function.filemtime</a>]: stat failed for /private/tmp/LtAutoloader-token-cache/52/0f/520f68a446f849b2abe95e76b29f407f.php Autoloader.php 第 277 行.
[ 2012-08-02T18:15:43+08:00 ] /taodandan/index.php | NOTIC: [2] filemtime() [<a href='function.filemtime'>function.filemtime</a>]: stat failed for /private/tmp/LtAutoloader-token-cache/b9/31/b931bf16e0bc0767ee68e409421d03d4.php Autoloader.php 第 277 行.
[ 2012-08-02T18:15:43+08:00 ] /taodandan/index.php | NOTIC: [2] filemtime() [<a href='function.filemtime'>function.filemtime</a>]: stat failed for /private/tmp/LtAutoloader-token-cache/51/c1/51c12734c3cbee782dae64545af8aed0.php Autoloader.php 第 277 行.
[ 2012-08-02T18:15:43+08:00 ] /taodandan/index.php | NOTIC: [2] filemtime() [<a href='function.filemtime'>function.filemtime</a>]: stat failed for /private/tmp/LtAutoloader-token-cache/14/aa/14aae193520b1b2abde922fb0c3038c0.php Autoloader.php 第 277 行.
[ 2012-08-02T18:15:43+08:00 ] /taodandan/index.php | NOTIC: [2] filemtime() [<a href='function.filemtime'>function.filemtime</a>]: stat failed for /private/tmp/LtAutoloader-token-cache/94/6d/946d039c913727fb8e8ddfa78fb3ce25.php Autoloader.php 第 277 行.
[ 2012-08-02T18:15:43+08:00 ] /taodandan/index.php | NOTIC: [2] filemtime() [<a href='function.filemtime'>function.filemtime</a>]: stat failed for /private/tmp/LtAutoloader-token-cache/d4/c0/d4c0927843721dd80645201f1acafcd7.php Autoloader.php 第 277 行.
[ 2012-08-02T18:15:43+08:00 ] /taodandan/index.php | NOTIC: [2] filemtime() [<a href='function.filemtime'>function.filemtime</a>]: stat failed for /private/tmp/LtAutoloader-token-cache/f5/fc/f5fc3ae6568fe5fc474254eb688d1368.php Autoloader.php 第 277 行.
[ 2012-08-02T18:15:43+08:00 ] /taodandan/index.php | NOTIC: [2] filemtime() [<a href='function.filemtime'>function.filemtime</a>]: stat failed for /private/tmp/LtAutoloader-token-cache/5c/ef/5cef1247a80d0b2a6bf9c0559790869c.php Autoloader.php 第 277 行.
[ 2012-08-02T18:15:43+08:00 ] /taodandan/index.php | NOTIC: [2] filemtime() [<a href='function.filemtime'>function.filemtime</a>]: stat failed for /private/tmp/LtAutoloader-token-cache/12/fc/12fc73f11c510d4defd4ca0844f0d151.php Autoloader.php 第 277 行.
[ 2012-08-02T18:15:43+08:00 ] /taodandan/index.php | NOTIC: [2] filemtime() [<a href='function.filemtime'>function.filemtime</a>]: stat failed for /private/tmp/LtAutoloader-token-cache/9f/6b/9f6b0a65309acee100d44777da88b104.php Autoloader.php 第 277 行.
[ 2012-08-02T18:15:43+08:00 ] /taodandan/index.php | NOTIC: [2] filemtime() [<a href='function.filemtime'>function.filemtime</a>]: stat failed for /private/tmp/LtAutoloader-token-cache/25/d3/25d346f81f1dbb850ba6097803959741.php Autoloader.php 第 277 行.
[ 2012-08-02T18:15:43+08:00 ] /taodandan/index.php | NOTIC: [2] filemtime() [<a href='function.filemtime'>function.filemtime</a>]: stat failed for /private/tmp/LtAutoloader-token-cache/4e/a2/4ea2f2634c2ce584d63c36b49459a4c3.php Autoloader.php 第 277 行.
[ 2012-08-02T18:15:43+08:00 ] /taodandan/index.php | NOTIC: [2] filemtime() [<a href='function.filemtime'>function.filemtime</a>]: stat failed for /private/tmp/LtAutoloader-token-cache/51/90/51905297c868606c1262e2ad64de8c78.php Autoloader.php 第 277 行.
[ 2012-08-02T18:15:43+08:00 ] /taodandan/index.php | NOTIC: [2] filemtime() [<a href='function.filemtime'>function.filemtime</a>]: stat failed for /private/tmp/LtAutoloader-token-cache/fd/dd/fddddf2d8d0989179cb778270acca584.php Autoloader.php 第 277 行.
[ 2012-08-02T18:15:43+08:00 ] /taodandan/index.php | NOTIC: [2] filemtime() [<a href='function.filemtime'>function.filemtime</a>]: stat failed for /private/tmp/LtAutoloader-token-cache/d4/7c/d47ccf8073644b1bc05392b640d50b94.php Autoloader.php 第 277 行.
[ 2012-08-02T18:15:43+08:00 ] /taodandan/index.php | NOTIC: [2] filemtime() [<a href='function.filemtime'>function.filemtime</a>]: stat failed for /private/tmp/LtAutoloader-token-cache/c3/cf/c3cf3594a9c0005584f1756c762578c4.php Autoloader.php 第 277 行.
[ 2012-08-02T18:15:43+08:00 ] /taodandan/index.php | NOTIC: [2] filemtime() [<a href='function.filemtime'>function.filemtime</a>]: stat failed for /private/tmp/LtAutoloader-token-cache/be/05/be057f05dc08f9561de4c21ec445364e.php Autoloader.php 第 277 行.
[ 2012-08-02T18:15:43+08:00 ] /taodandan/index.php | NOTIC: [2] filemtime() [<a href='function.filemtime'>function.filemtime</a>]: stat failed for /private/tmp/LtAutoloader-token-cache/65/2e/652ecef9c8b5a7b9e800ce4f92de47f2.php Autoloader.php 第 277 行.
[ 2012-08-02T18:15:43+08:00 ] /taodandan/index.php | NOTIC: [2] filemtime() [<a href='function.filemtime'>function.filemtime</a>]: stat failed for /private/tmp/LtAutoloader-token-cache/16/ec/16ec5aeb86c9cd229cbad4f7b6949203.php Autoloader.php 第 277 行.
[ 2012-08-02T18:15:43+08:00 ] /taodandan/index.php | NOTIC: [2] filemtime() [<a href='function.filemtime'>function.filemtime</a>]: stat failed for /private/tmp/LtAutoloader-token-cache/a9/c5/a9c54d147f57f74c2ea96014e9f548b5.php Autoloader.php 第 277 行.
[ 2012-08-02T18:15:43+08:00 ] /taodandan/index.php | NOTIC: [2] filemtime() [<a href='function.filemtime'>function.filemtime</a>]: stat failed for /private/tmp/LtAutoloader-token-cache/d7/84/d784b28ec403cc3998b7ae6f792cc934.php Autoloader.php 第 277 行.
[ 2012-08-02T18:15:43+08:00 ] /taodandan/index.php | NOTIC: [2] filemtime() [<a href='function.filemtime'>function.filemtime</a>]: stat failed for /private/tmp/LtAutoloader-token-cache/11/e3/11e38df9b51dc97abbc27d78fa7a9091.php Autoloader.php 第 277 行.
[ 2012-08-02T18:15:43+08:00 ] /taodandan/index.php | NOTIC: [2] filemtime() [<a href='function.filemtime'>function.filemtime</a>]: stat failed for /private/tmp/LtAutoloader-token-cache/80/96/80963142fe1522f825b17ee5bc9536ae.php Autoloader.php 第 277 行.
[ 2012-08-02T18:15:43+08:00 ] /taodandan/index.php | NOTIC: [2] filemtime() [<a href='function.filemtime'>function.filemtime</a>]: stat failed for /private/tmp/LtAutoloader-token-cache/54/73/547347be2286b54882509b052f82991d.php Autoloader.php 第 277 行.
[ 2012-08-02T18:15:43+08:00 ] /taodandan/index.php | NOTIC: [2] filemtime() [<a href='function.filemtime'>function.filemtime</a>]: stat failed for /private/tmp/LtAutoloader-token-cache/4a/71/4a71d47921732cdfbd4fbee21c969c99.php Autoloader.php 第 277 行.
[ 2012-08-02T18:15:43+08:00 ] /taodandan/index.php | NOTIC: [2] filemtime() [<a href='function.filemtime'>function.filemtime</a>]: stat failed for /private/tmp/LtAutoloader-token-cache/49/32/49323f872c3a8ad922922c93a54beab7.php Autoloader.php 第 277 行.
[ 2012-08-02T18:15:43+08:00 ] /taodandan/index.php | NOTIC: [2] filemtime() [<a href='function.filemtime'>function.filemtime</a>]: stat failed for /private/tmp/LtAutoloader-token-cache/69/25/69257c7df675ea9e93e7777f8606b1c2.php Autoloader.php 第 277 行.
[ 2012-08-02T18:15:43+08:00 ] /taodandan/index.php | NOTIC: [2] filemtime() [<a href='function.filemtime'>function.filemtime</a>]: stat failed for /private/tmp/LtAutoloader-token-cache/8b/4a/8b4aaa77580bf27841afb1898f2d7be1.php Autoloader.php 第 277 行.
[ 2012-08-02T18:15:43+08:00 ] /taodandan/index.php | NOTIC: [2] filemtime() [<a href='function.filemtime'>function.filemtime</a>]: stat failed for /private/tmp/LtAutoloader-token-cache/67/63/6763317ec603755fc0c194a547dd2059.php Autoloader.php 第 277 行.
[ 2012-08-02T18:15:43+08:00 ] /taodandan/index.php | NOTIC: [2] filemtime() [<a href='function.filemtime'>function.filemtime</a>]: stat failed for /private/tmp/LtAutoloader-token-cache/d5/9e/d59e94e919006ba29bd3b58e99a379d1.php Autoloader.php 第 277 行.
[ 2012-08-02T18:15:43+08:00 ] /taodandan/index.php | NOTIC: [2] filemtime() [<a href='function.filemtime'>function.filemtime</a>]: stat failed for /private/tmp/LtAutoloader-token-cache/d7/93/d793ade323b03d084ff190735860441b.php Autoloader.php 第 277 行.
[ 2012-08-02T18:15:43+08:00 ] /taodandan/index.php | NOTIC: [2] filemtime() [<a href='function.filemtime'>function.filemtime</a>]: stat failed for /private/tmp/LtAutoloader-token-cache/8f/d9/8fd9f2d842e6a33c6c064c388052942c.php Autoloader.php 第 277 行.
[ 2012-08-02T18:15:43+08:00 ] /taodandan/index.php | NOTIC: [2] filemtime() [<a href='function.filemtime'>function.filemtime</a>]: stat failed for /private/tmp/LtAutoloader-token-cache/9f/02/9f027c1b728b5c0a7d4ee6bdadcf16f4.php Autoloader.php 第 277 行.
[ 2012-08-02T18:15:43+08:00 ] /taodandan/index.php | NOTIC: [2] filemtime() [<a href='function.filemtime'>function.filemtime</a>]: stat failed for /private/tmp/LtAutoloader-token-cache/b7/b8/b7b8d2f90f35fc6dca37326d570bd76f.php Autoloader.php 第 277 行.
[ 2012-08-02T18:15:43+08:00 ] /taodandan/index.php | NOTIC: [2] filemtime() [<a href='function.filemtime'>function.filemtime</a>]: stat failed for /private/tmp/LtAutoloader-token-cache/72/41/7241be81b976db425e6808d71a66e565.php Autoloader.php 第 277 行.
[ 2012-08-02T18:15:43+08:00 ] /taodandan/index.php | NOTIC: [2] filemtime() [<a href='function.filemtime'>function.filemtime</a>]: stat failed for /private/tmp/LtAutoloader-token-cache/f0/5a/f05a17550e3a1844a7e3390df8d85fbf.php Autoloader.php 第 277 行.
[ 2012-08-02T18:15:43+08:00 ] /taodandan/index.php | NOTIC: [2] filemtime() [<a href='function.filemtime'>function.filemtime</a>]: stat failed for /private/tmp/LtAutoloader-token-cache/83/9e/839e1e2b2a343477b7d31996b88f5a7e.php Autoloader.php 第 277 行.
[ 2012-08-02T18:15:43+08:00 ] /taodandan/index.php | NOTIC: [2] filemtime() [<a href='function.filemtime'>function.filemtime</a>]: stat failed for /private/tmp/LtAutoloader-token-cache/f9/ac/f9ace09b6f75ec273b1f262ea5b20dbb.php Autoloader.php 第 277 行.
[ 2012-08-02T18:15:43+08:00 ] /taodandan/index.php | NOTIC: [2] filemtime() [<a href='function.filemtime'>function.filemtime</a>]: stat failed for /private/tmp/LtAutoloader-token-cache/61/5c/615c8524e6d4f9fe57d3a326f6311041.php Autoloader.php 第 277 行.
[ 2012-08-02T18:15:43+08:00 ] /taodandan/index.php | NOTIC: [2] filemtime() [<a href='function.filemtime'>function.filemtime</a>]: stat failed for /private/tmp/LtAutoloader-token-cache/81/74/817426bfc0877332ab2e0f290d258ac1.php Autoloader.php 第 277 行.
[ 2012-08-02T18:15:43+08:00 ] /taodandan/index.php | NOTIC: [2] filemtime() [<a href='function.filemtime'>function.filemtime</a>]: stat failed for /private/tmp/LtAutoloader-token-cache/61/72/6172f5f03f739d06c394b67d7392bccb.php Autoloader.php 第 277 行.
[ 2012-08-02T18:15:43+08:00 ] /taodandan/index.php | NOTIC: [2] filemtime() [<a href='function.filemtime'>function.filemtime</a>]: stat failed for /private/tmp/LtAutoloader-token-cache/4e/81/4e81f60dba13662f69982a4347fe78ec.php Autoloader.php 第 277 行.
[ 2012-08-02T18:15:43+08:00 ] /taodandan/index.php | NOTIC: [2] filemtime() [<a href='function.filemtime'>function.filemtime</a>]: stat failed for /private/tmp/LtAutoloader-token-cache/94/58/9458f69498b8763f0a2d563199222bdf.php Autoloader.php 第 277 行.
[ 2012-08-02T18:15:43+08:00 ] /taodandan/index.php | NOTIC: [2] filemtime() [<a href='function.filemtime'>function.filemtime</a>]: stat failed for /private/tmp/LtAutoloader-token-cache/2b/90/2b90070a6bee4e17467f32281dd4d807.php Autoloader.php 第 277 行.
[ 2012-08-02T18:15:43+08:00 ] /taodandan/index.php | NOTIC: [2] filemtime() [<a href='function.filemtime'>function.filemtime</a>]: stat failed for /private/tmp/LtAutoloader-token-cache/04/ed/04ed2b7a7a9f2276b75b1db17f8f90c1.php Autoloader.php 第 277 行.
[ 2012-08-02T18:15:43+08:00 ] /taodandan/index.php | NOTIC: [2] filemtime() [<a href='function.filemtime'>function.filemtime</a>]: stat failed for /private/tmp/LtAutoloader-token-cache/16/d3/16d3e2a459e562c0ccbdcd19f7223d24.php Autoloader.php 第 277 行.
[ 2012-08-02T18:15:43+08:00 ] /taodandan/index.php | NOTIC: [2] filemtime() [<a href='function.filemtime'>function.filemtime</a>]: stat failed for /private/tmp/LtAutoloader-token-cache/34/3c/343cbe7c59238c0f947ce6c0863a2cbb.php Autoloader.php 第 277 行.
[ 2012-08-02T18:15:43+08:00 ] /taodandan/index.php | NOTIC: [2] filemtime() [<a href='function.filemtime'>function.filemtime</a>]: stat failed for /private/tmp/LtAutoloader-token-cache/79/5e/795e0741e54baacdf753794167764a0d.php Autoloader.php 第 277 行.
[ 2012-08-02T18:15:43+08:00 ] /taodandan/index.php | NOTIC: [2] filemtime() [<a href='function.filemtime'>function.filemtime</a>]: stat failed for /private/tmp/LtAutoloader-token-cache/9b/2b/9b2b4a86f4811261c345854f40bf272c.php Autoloader.php 第 277 行.
[ 2012-08-02T18:15:43+08:00 ] /taodandan/index.php | NOTIC: [2] filemtime() [<a href='function.filemtime'>function.filemtime</a>]: stat failed for /private/tmp/LtAutoloader-token-cache/59/b7/59b7a5ab71fa235ea1ffb91a034db22d.php Autoloader.php 第 277 行.
[ 2012-08-02T18:15:43+08:00 ] /taodandan/index.php | NOTIC: [2] filemtime() [<a href='function.filemtime'>function.filemtime</a>]: stat failed for /private/tmp/LtAutoloader-token-cache/80/9b/809baadab914bc8df3af48064e815d99.php Autoloader.php 第 277 行.
[ 2012-08-02T18:15:43+08:00 ] /taodandan/index.php | NOTIC: [2] filemtime() [<a href='function.filemtime'>function.filemtime</a>]: stat failed for /private/tmp/LtAutoloader-token-cache/31/49/3149c032744a8ad4d066c9c0f82c19c9.php Autoloader.php 第 277 行.
[ 2012-08-02T18:15:43+08:00 ] /taodandan/index.php | NOTIC: [2] filemtime() [<a href='function.filemtime'>function.filemtime</a>]: stat failed for /private/tmp/LtAutoloader-token-cache/e0/4e/e04e8e3026f96df450184d2155cbb398.php Autoloader.php 第 277 行.
[ 2012-08-02T18:15:43+08:00 ] /taodandan/index.php | NOTIC: [2] filemtime() [<a href='function.filemtime'>function.filemtime</a>]: stat failed for /private/tmp/LtAutoloader-token-cache/da/87/da875ec834bdbfba1dd83f7ca9ccf101.php Autoloader.php 第 277 行.
[ 2012-08-02T18:15:43+08:00 ] /taodandan/index.php | NOTIC: [2] filemtime() [<a href='function.filemtime'>function.filemtime</a>]: stat failed for /private/tmp/LtAutoloader-token-cache/61/be/61be5fe2243d980e0cf69ee4df2b5e40.php Autoloader.php 第 277 行.
[ 2012-08-02T18:15:43+08:00 ] /taodandan/index.php | NOTIC: [2] filemtime() [<a href='function.filemtime'>function.filemtime</a>]: stat failed for /private/tmp/LtAutoloader-token-cache/4c/83/4c83662cc35039b773e713eb08727ab3.php Autoloader.php 第 277 行.
[ 2012-08-02T18:15:43+08:00 ] /taodandan/index.php | NOTIC: [2] filemtime() [<a href='function.filemtime'>function.filemtime</a>]: stat failed for /private/tmp/LtAutoloader-token-cache/6a/27/6a27bd26091ff56b7f4ff2f0a7837eb5.php Autoloader.php 第 277 行.
[ 2012-08-02T18:15:43+08:00 ] /taodandan/index.php | NOTIC: [2] filemtime() [<a href='function.filemtime'>function.filemtime</a>]: stat failed for /private/tmp/LtAutoloader-token-cache/f9/1f/f91f499ea7c300826bd5ab2c182b4be7.php Autoloader.php 第 277 行.
[ 2012-08-02T18:15:43+08:00 ] /taodandan/index.php | NOTIC: [2] filemtime() [<a href='function.filemtime'>function.filemtime</a>]: stat failed for /private/tmp/LtAutoloader-token-cache/22/95/2295336edf6bbd20e13cb56d2b90d682.php Autoloader.php 第 277 行.
[ 2012-08-02T18:15:43+08:00 ] /taodandan/index.php | NOTIC: [2] filemtime() [<a href='function.filemtime'>function.filemtime</a>]: stat failed for /private/tmp/LtAutoloader-token-cache/66/ef/66ef876a239681c04902c244ed1dac49.php Autoloader.php 第 277 行.
[ 2012-08-02T18:15:43+08:00 ] /taodandan/index.php | NOTIC: [2] filemtime() [<a href='function.filemtime'>function.filemtime</a>]: stat failed for /private/tmp/LtAutoloader-token-cache/e8/64/e8640dfdb95015eeaa7369e9865dd43b.php Autoloader.php 第 277 行.
[ 2012-08-02T18:15:43+08:00 ] /taodandan/index.php | NOTIC: [2] filemtime() [<a href='function.filemtime'>function.filemtime</a>]: stat failed for /private/tmp/LtAutoloader-token-cache/cf/e5/cfe5999f31e6e0edc66fbcfa58b473c6.php Autoloader.php 第 277 行.
[ 2012-08-02T18:15:43+08:00 ] /taodandan/index.php | NOTIC: [2] filemtime() [<a href='function.filemtime'>function.filemtime</a>]: stat failed for /private/tmp/LtAutoloader-token-cache/04/bc/04bc21e26ac332d37a5298f6b4474310.php Autoloader.php 第 277 行.
[ 2012-08-02T18:15:43+08:00 ] /taodandan/index.php | NOTIC: [2] filemtime() [<a href='function.filemtime'>function.filemtime</a>]: stat failed for /private/tmp/LtAutoloader-token-cache/ad/e1/ade1dfafde3d534a9ddb4e5080aecaa2.php Autoloader.php 第 277 行.
[ 2012-08-02T18:15:43+08:00 ] /taodandan/index.php | NOTIC: [2] filemtime() [<a href='function.filemtime'>function.filemtime</a>]: stat failed for /private/tmp/LtAutoloader-token-cache/e5/52/e552f230c589220396adecf91a949533.php Autoloader.php 第 277 行.
[ 2012-08-02T18:15:43+08:00 ] /taodandan/index.php | NOTIC: [2] filemtime() [<a href='function.filemtime'>function.filemtime</a>]: stat failed for /private/tmp/LtAutoloader-token-cache/5b/ae/5bae2e0292108d841719c0fda14bb562.php Autoloader.php 第 277 行.
[ 2012-08-02T18:15:43+08:00 ] /taodandan/index.php | NOTIC: [2] filemtime() [<a href='function.filemtime'>function.filemtime</a>]: stat failed for /private/tmp/LtAutoloader-token-cache/47/03/47030b0f01144a065cd307e875c8c59d.php Autoloader.php 第 277 行.
[ 2012-08-02T18:15:43+08:00 ] /taodandan/index.php | NOTIC: [2] filemtime() [<a href='function.filemtime'>function.filemtime</a>]: stat failed for /private/tmp/LtAutoloader-token-cache/34/d2/34d2e685883966a44692ff57bcf623bb.php Autoloader.php 第 277 行.
[ 2012-08-02T18:15:43+08:00 ] /taodandan/index.php | NOTIC: [2] filemtime() [<a href='function.filemtime'>function.filemtime</a>]: stat failed for /private/tmp/LtAutoloader-token-cache/ca/1c/ca1c0938db350285fb31f9815111b443.php Autoloader.php 第 277 行.
[ 2012-08-02T18:15:43+08:00 ] /taodandan/index.php | NOTIC: [2] filemtime() [<a href='function.filemtime'>function.filemtime</a>]: stat failed for /private/tmp/LtAutoloader-token-cache/ed/10/ed10c0c111061201cc9dea79f75a8255.php Autoloader.php 第 277 行.
[ 2012-08-02T18:15:43+08:00 ] /taodandan/index.php | NOTIC: [2] filemtime() [<a href='function.filemtime'>function.filemtime</a>]: stat failed for /private/tmp/LtAutoloader-token-cache/63/5e/635e2a85e25f7bc90a6418ae05b9bb63.php Autoloader.php 第 277 行.
[ 2012-08-02T18:15:43+08:00 ] /taodandan/index.php | NOTIC: [2] filemtime() [<a href='function.filemtime'>function.filemtime</a>]: stat failed for /private/tmp/LtAutoloader-token-cache/8d/c5/8dc52921bcff39d1f5d6feee76d1a56f.php Autoloader.php 第 277 行.
[ 2012-08-02T18:15:43+08:00 ] /taodandan/index.php | NOTIC: [2] filemtime() [<a href='function.filemtime'>function.filemtime</a>]: stat failed for /private/tmp/LtAutoloader-token-cache/2c/52/2c52760ac58b61608549fa981509df5e.php Autoloader.php 第 277 行.
[ 2012-08-02T18:15:43+08:00 ] /taodandan/index.php | NOTIC: [2] filemtime() [<a href='function.filemtime'>function.filemtime</a>]: stat failed for /private/tmp/LtAutoloader-token-cache/6b/28/6b28ec05d84f37a477a9e4e9acf9f296.php Autoloader.php 第 277 行.
[ 2012-08-02T18:15:43+08:00 ] /taodandan/index.php | NOTIC: [2] filemtime() [<a href='function.filemtime'>function.filemtime</a>]: stat failed for /private/tmp/LtAutoloader-token-cache/3d/fc/3dfc5787a2ab0c1cc945a588a9d85c78.php Autoloader.php 第 277 行.
[ 2012-08-02T18:15:43+08:00 ] /taodandan/index.php | NOTIC: [2] filemtime() [<a href='function.filemtime'>function.filemtime</a>]: stat failed for /private/tmp/LtAutoloader-token-cache/e7/c3/e7c3e774d59032b83cffdf204cb5bda3.php Autoloader.php 第 277 行.
[ 2012-08-02T18:15:43+08:00 ] /taodandan/index.php | NOTIC: [2] filemtime() [<a href='function.filemtime'>function.filemtime</a>]: stat failed for /private/tmp/LtAutoloader-token-cache/a9/7a/a97a99d8b662fbee7cbf9fa8f0a5b0c7.php Autoloader.php 第 277 行.
[ 2012-08-02T18:15:43+08:00 ] /taodandan/index.php | NOTIC: [2] filemtime() [<a href='function.filemtime'>function.filemtime</a>]: stat failed for /private/tmp/LtAutoloader-token-cache/63/52/63521de27183b3d897e25eb8606d49fb.php Autoloader.php 第 277 行.
[ 2012-08-02T18:15:43+08:00 ] /taodandan/index.php | NOTIC: [2] filemtime() [<a href='function.filemtime'>function.filemtime</a>]: stat failed for /private/tmp/LtAutoloader-token-cache/ef/64/ef64f5c312a5e0e5bc47650ca9b7f4e5.php Autoloader.php 第 277 行.
[ 2012-08-02T18:15:43+08:00 ] /taodandan/index.php | NOTIC: [2] filemtime() [<a href='function.filemtime'>function.filemtime</a>]: stat failed for /private/tmp/LtAutoloader-token-cache/85/64/85643594d38a39019924018585d4e1c8.php Autoloader.php 第 277 行.
[ 2012-08-02T18:15:43+08:00 ] /taodandan/index.php | NOTIC: [2] filemtime() [<a href='function.filemtime'>function.filemtime</a>]: stat failed for /private/tmp/LtAutoloader-token-cache/45/df/45dfd0c16ac03d888d36a3765099248f.php Autoloader.php 第 277 行.
[ 2012-08-02T18:15:43+08:00 ] /taodandan/index.php | NOTIC: [2] filemtime() [<a href='function.filemtime'>function.filemtime</a>]: stat failed for /private/tmp/LtAutoloader-token-cache/b7/2f/b72fef6846cf0a93c426869a1d27aba8.php Autoloader.php 第 277 行.
[ 2012-08-02T18:15:43+08:00 ] /taodandan/index.php | NOTIC: [2] filemtime() [<a href='function.filemtime'>function.filemtime</a>]: stat failed for /private/tmp/LtAutoloader-token-cache/a6/e8/a6e85b57191562ed4ca1aaec07e25ea9.php Autoloader.php 第 277 行.
[ 2012-08-02T18:15:43+08:00 ] /taodandan/index.php | NOTIC: [2] filemtime() [<a href='function.filemtime'>function.filemtime</a>]: stat failed for /private/tmp/LtAutoloader-token-cache/f3/2f/f32fa93f24a8b2422b7cfe544f839b08.php Autoloader.php 第 277 行.
[ 2012-08-02T18:15:43+08:00 ] /taodandan/index.php | NOTIC: [2] filemtime() [<a href='function.filemtime'>function.filemtime</a>]: stat failed for /private/tmp/LtAutoloader-token-cache/37/16/3716f9ac1f97c86d652a9e1b4a2b5047.php Autoloader.php 第 277 行.
[ 2012-08-02T18:15:43+08:00 ] /taodandan/index.php | NOTIC: [2] filemtime() [<a href='function.filemtime'>function.filemtime</a>]: stat failed for /private/tmp/LtAutoloader-token-cache/1b/10/1b10a1c1be8f1bd2d3227c7ff1a8af67.php Autoloader.php 第 277 行.
[ 2012-08-02T18:15:43+08:00 ] /taodandan/index.php | NOTIC: [2] filemtime() [<a href='function.filemtime'>function.filemtime</a>]: stat failed for /private/tmp/LtAutoloader-token-cache/6d/69/6d692b71fb62df39fb9e9cb441d3f94d.php Autoloader.php 第 277 行.
[ 2012-08-02T18:15:43+08:00 ] /taodandan/index.php | NOTIC: [2] filemtime() [<a href='function.filemtime'>function.filemtime</a>]: stat failed for /private/tmp/LtAutoloader-token-cache/df/ed/dfedd68d2af6b73a46ecf875b44b308c.php Autoloader.php 第 277 行.
[ 2012-08-02T18:15:43+08:00 ] /taodandan/index.php | NOTIC: [2] filemtime() [<a href='function.filemtime'>function.filemtime</a>]: stat failed for /private/tmp/LtAutoloader-token-cache/85/da/85daca747e7e6f17ddeeacc09cd974ed.php Autoloader.php 第 277 行.
[ 2012-08-02T18:15:43+08:00 ] /taodandan/index.php | NOTIC: [2] filemtime() [<a href='function.filemtime'>function.filemtime</a>]: stat failed for /private/tmp/LtAutoloader-token-cache/d6/5a/d65a90f7ff1f2a1ab5eaf968f7823cd9.php Autoloader.php 第 277 行.
[ 2012-08-02T18:15:43+08:00 ] /taodandan/index.php | NOTIC: [2] filemtime() [<a href='function.filemtime'>function.filemtime</a>]: stat failed for /private/tmp/LtAutoloader-token-cache/01/c0/01c099db89a4d01c5efff3420540186d.php Autoloader.php 第 277 行.
[ 2012-08-02T18:15:43+08:00 ] /taodandan/index.php | NOTIC: [2] filemtime() [<a href='function.filemtime'>function.filemtime</a>]: stat failed for /private/tmp/LtAutoloader-token-cache/78/cb/78cba3bbcf405e1c3b0ac8ef367f1639.php Autoloader.php 第 277 行.
[ 2012-08-02T18:15:43+08:00 ] /taodandan/index.php | NOTIC: [2] filemtime() [<a href='function.filemtime'>function.filemtime</a>]: stat failed for /private/tmp/LtAutoloader-token-cache/6c/54/6c543e6371bb1e64c7e84176725dd2e6.php Autoloader.php 第 277 行.
[ 2012-08-02T18:15:43+08:00 ] /taodandan/index.php | NOTIC: [2] filemtime() [<a href='function.filemtime'>function.filemtime</a>]: stat failed for /private/tmp/LtAutoloader-token-cache/a3/9f/a39f63bfb12c8e8069da64893f3f9579.php Autoloader.php 第 277 行.
[ 2012-08-02T18:15:43+08:00 ] /taodandan/index.php | NOTIC: [2] filemtime() [<a href='function.filemtime'>function.filemtime</a>]: stat failed for /private/tmp/LtAutoloader-token-cache/99/9a/999a64d906f92f7975ea87c2ee807f5f.php Autoloader.php 第 277 行.
[ 2012-08-02T18:15:43+08:00 ] /taodandan/index.php | NOTIC: [2] filemtime() [<a href='function.filemtime'>function.filemtime</a>]: stat failed for /private/tmp/LtAutoloader-token-cache/1a/31/1a3181a40f6b332ea7f20ee0c19d2488.php Autoloader.php 第 277 行.
[ 2012-08-02T18:15:43+08:00 ] /taodandan/index.php | NOTIC: [2] filemtime() [<a href='function.filemtime'>function.filemtime</a>]: stat failed for /private/tmp/LtAutoloader-token-cache/83/7f/837f70c0196f6cfd2c8eaca369070b64.php Autoloader.php 第 277 行.
[ 2012-08-02T18:15:43+08:00 ] /taodandan/index.php | NOTIC: [2] Missing argument 1 for UserModel::__construct(), called in /Applications/XAMPP/xamppfiles/htdocs/taodandan/top/Lib/Action/IndexAction.class.php on line 21 and defined UserModel.class.php 第 27 行.
[ 2012-08-02T18:15:43+08:00 ] /taodandan/index.php | SQL: SHOW COLUMNS FROM `sk_user` [ RunTime:0.004573s ]
[ 2012-08-02T18:15:43+08:00 ] /taodandan/index.php | NOTIC: [8] Undefined variable: userId UserModel.class.php 第 32 行.
[ 2012-08-02T18:15:43+08:00 ] /taodandan/index.php | INFO: Tag[ view_template ] --START--
[ 2012-08-02T18:15:43+08:00 ] /taodandan/index.php | INFO: Run LocationTemplate Behavior [ RunTime:0.000646s ]
[ 2012-08-02T18:15:43+08:00 ] /taodandan/index.php | INFO: Tag[ view_template ] --END-- [ RunTime:0.000747s ]
[ 2012-08-02T18:15:43+08:00 ] /taodandan/index.php | INFO: Tag[ view_parse ] --START--
[ 2012-08-02T18:15:43+08:00 ] /taodandan/index.php | INFO: Run ParseTemplate Behavior [ RunTime:0.012906s ]
[ 2012-08-02T18:15:43+08:00 ] /taodandan/index.php | INFO: Tag[ view_parse ] --END-- [ RunTime:0.013011s ]
[ 2012-08-02T18:15:43+08:00 ] /taodandan/index.php | INFO: Tag[ view_filter ] --START--
[ 2012-08-02T18:15:43+08:00 ] /taodandan/index.php | INFO: Run ContentReplace Behavior [ RunTime:0.000677s ]
[ 2012-08-02T18:15:43+08:00 ] /taodandan/index.php | INFO: Run TokenBuild Behavior [ RunTime:0.000560s ]
[ 2012-08-02T18:15:43+08:00 ] /taodandan/index.php | INFO: Run WriteHtmlCache Behavior [ RunTime:0.000377s ]
[ 2012-08-02T18:15:43+08:00 ] /taodandan/index.php | INFO: Run ShowRuntime Behavior [ RunTime:0.000705s ]
[ 2012-08-02T18:15:43+08:00 ] /taodandan/index.php | INFO: Tag[ view_filter ] --END-- [ RunTime:0.002526s ]
[ 2012-08-02T18:15:43+08:00 ] /taodandan/index.php | INFO: Tag[ view_end ] --START--
[ 2012-08-02T18:15:43+08:00 ] /taodandan/index.php | INFO: Run ShowPageTrace Behavior [ RunTime:0.000727s ]
[ 2012-08-02T18:15:43+08:00 ] /taodandan/index.php | INFO: Tag[ view_end ] --END-- [ RunTime:0.000799s ]
[ 2012-08-02T18:15:43+08:00 ] /taodandan/demos.css | ERR: (ThinkException) 无法加载模块demos.css
[ 2012-08-02T18:15:45+08:00 ] /taodandan/Login/login.html | INFO: Tag[ route_check ] --START--
[ 2012-08-02T18:15:45+08:00 ] /taodandan/Login/login.html | INFO: Run CheckRoute Behavior [ RunTime:0.000652s ]
[ 2012-08-02T18:15:45+08:00 ] /taodandan/Login/login.html | INFO: Tag[ route_check ] --END-- [ RunTime:0.000730s ]
[ 2012-08-02T18:15:45+08:00 ] /taodandan/Login/login.html | INFO: Tag[ app_begin ] --START--
[ 2012-08-02T18:15:45+08:00 ] /taodandan/Login/login.html | INFO: Run ReadHtmlCache Behavior [ RunTime:0.000394s ]
[ 2012-08-02T18:15:45+08:00 ] /taodandan/Login/login.html | INFO: Tag[ app_begin ] --END-- [ RunTime:0.000450s ]
[ 2012-08-02T18:20:09+08:00 ] /taodandan/index.php | INFO: Tag[ app_begin ] --START--
[ 2012-08-02T18:20:09+08:00 ] /taodandan/index.php | INFO: Run ReadHtmlCache Behavior [ RunTime:0.000440s ]
[ 2012-08-02T18:20:09+08:00 ] /taodandan/index.php | INFO: Tag[ app_begin ] --END-- [ RunTime:0.000575s ]
[ 2012-08-02T18:20:09+08:00 ] /taodandan/index.php | NOTIC: [2] Missing argument 1 for UserModel::__construct(), called in /Applications/XAMPP/xamppfiles/htdocs/taodandan/top/Lib/Action/IndexAction.class.php on line 21 and defined UserModel.class.php 第 27 行.
[ 2012-08-02T18:20:09+08:00 ] /taodandan/index.php | SQL: SHOW COLUMNS FROM `sk_user` [ RunTime:0.000858s ]
[ 2012-08-02T18:20:09+08:00 ] /taodandan/index.php | NOTIC: [8] Undefined variable: userId UserModel.class.php 第 32 行.
[ 2012-08-02T18:20:09+08:00 ] /taodandan/index.php | INFO: Tag[ view_template ] --START--
[ 2012-08-02T18:20:09+08:00 ] /taodandan/index.php | INFO: Run LocationTemplate Behavior [ RunTime:0.000263s ]
[ 2012-08-02T18:20:09+08:00 ] /taodandan/index.php | INFO: Tag[ view_template ] --END-- [ RunTime:0.000323s ]
[ 2012-08-02T18:20:09+08:00 ] /taodandan/index.php | INFO: Tag[ view_parse ] --START--
[ 2012-08-02T18:20:09+08:00 ] /taodandan/index.php | INFO: Run ParseTemplate Behavior [ RunTime:0.009395s ]
[ 2012-08-02T18:20:09+08:00 ] /taodandan/index.php | INFO: Tag[ view_parse ] --END-- [ RunTime:0.009470s ]
[ 2012-08-02T18:20:09+08:00 ] /taodandan/index.php | INFO: Tag[ view_filter ] --START--
[ 2012-08-02T18:20:09+08:00 ] /taodandan/index.php | INFO: Run ContentReplace Behavior [ RunTime:0.000415s ]
[ 2012-08-02T18:20:09+08:00 ] /taodandan/index.php | INFO: Run TokenBuild Behavior [ RunTime:0.000321s ]
[ 2012-08-02T18:20:09+08:00 ] /taodandan/index.php | INFO: Run WriteHtmlCache Behavior [ RunTime:0.000144s ]
[ 2012-08-02T18:20:09+08:00 ] /taodandan/index.php | INFO: Run ShowRuntime Behavior [ RunTime:0.000409s ]
[ 2012-08-02T18:20:09+08:00 ] /taodandan/index.php | INFO: Tag[ view_filter ] --END-- [ RunTime:0.001449s ]
[ 2012-08-02T18:20:09+08:00 ] /taodandan/index.php | INFO: Tag[ view_end ] --START--
[ 2012-08-02T18:20:09+08:00 ] /taodandan/index.php | INFO: Run ShowPageTrace Behavior [ RunTime:0.000341s ]
[ 2012-08-02T18:20:09+08:00 ] /taodandan/index.php | INFO: Tag[ view_end ] --END-- [ RunTime:0.000393s ]
[ 2012-08-02T18:20:09+08:00 ] /taodandan/demos.css | ERR: (ThinkException) 无法加载模块demos.css
[ 2012-08-02T18:20:11+08:00 ] /taodandan/Login/login.html | INFO: Tag[ route_check ] --START--
[ 2012-08-02T18:20:11+08:00 ] /taodandan/Login/login.html | INFO: Run CheckRoute Behavior [ RunTime:0.000651s ]
[ 2012-08-02T18:20:11+08:00 ] /taodandan/Login/login.html | INFO: Tag[ route_check ] --END-- [ RunTime:0.000727s ]
[ 2012-08-02T18:20:11+08:00 ] /taodandan/Login/login.html | INFO: Tag[ app_begin ] --START--
[ 2012-08-02T18:20:11+08:00 ] /taodandan/Login/login.html | INFO: Run ReadHtmlCache Behavior [ RunTime:0.000396s ]
[ 2012-08-02T18:20:11+08:00 ] /taodandan/Login/login.html | INFO: Tag[ app_begin ] --END-- [ RunTime:0.000452s ]
[ 2012-08-02T18:25:52+08:00 ] /taodandan/Index/index.html | INFO: Tag[ route_check ] --START--
[ 2012-08-02T18:25:52+08:00 ] /taodandan/Index/index.html | INFO: Run CheckRoute Behavior [ RunTime:0.000637s ]
[ 2012-08-02T18:25:52+08:00 ] /taodandan/Index/index.html | INFO: Tag[ route_check ] --END-- [ RunTime:0.000715s ]
[ 2012-08-02T18:25:52+08:00 ] /taodandan/Index/index.html | INFO: Tag[ app_begin ] --START--
[ 2012-08-02T18:25:52+08:00 ] /taodandan/Index/index.html | INFO: Run ReadHtmlCache Behavior [ RunTime:0.000392s ]
[ 2012-08-02T18:25:52+08:00 ] /taodandan/Index/index.html | INFO: Tag[ app_begin ] --END-- [ RunTime:0.000448s ]
[ 2012-08-02T18:25:52+08:00 ] /taodandan/Index/index.html | NOTIC: [2] Missing argument 1 for UserModel::__construct(), called in /Applications/XAMPP/xamppfiles/htdocs/taodandan/top/Lib/Action/IndexAction.class.php on line 21 and defined UserModel.class.php 第 27 行.
[ 2012-08-02T18:25:52+08:00 ] /taodandan/Index/index.html | SQL: SHOW COLUMNS FROM `sk_user` [ RunTime:0.000844s ]
[ 2012-08-02T18:25:52+08:00 ] /taodandan/Index/index.html | NOTIC: [8] Undefined variable: userId UserModel.class.php 第 32 行.
[ 2012-08-02T18:25:52+08:00 ] /taodandan/Index/index.html | NOTIC: [2] Missing argument 1 for UserModel::_getTopUserInfo(), called in /Applications/XAMPP/xamppfiles/htdocs/taodandan/top/Lib/Model/UserModel.class.php on line 82 and defined UserModel.class.php 第 55 行.
[ 2012-08-02T18:25:52+08:00 ] /taodandan/Index/index.html | NOTIC: [8] Undefined variable: fields UserModel.class.php 第 58 行.
[ 2012-08-02T18:25:53+08:00 ] /taodandan/Index/index.html | NOTIC: [8] Undefined index: user UserModel.class.php 第 65 行.
[ 2012-08-02T18:25:53+08:00 ] /taodandan/Index/index.html | NOTIC: [2] Missing argument 1 for UserModel::_getTopUserInfo(), called in /Applications/XAMPP/xamppfiles/htdocs/taodandan/top/Lib/Action/IndexAction.class.php on line 28 and defined UserModel.class.php 第 55 行.
[ 2012-08-02T18:25:53+08:00 ] /taodandan/Index/index.html | NOTIC: [8] Undefined variable: fields UserModel.class.php 第 58 行.
[ 2012-08-02T18:25:53+08:00 ] /taodandan/Index/index.html | NOTIC: [8] Undefined index: user UserModel.class.php 第 65 行.
[ 2012-08-02T18:25:53+08:00 ] /taodandan/Index/index.html | NOTIC: [2] Missing argument 1 for UserModel::getInventoryItems(), called in /Applications/XAMPP/xamppfiles/htdocs/taodandan/top/Lib/Action/IndexAction.class.php on line 30 and defined UserModel.class.php 第 193 行.
[ 2012-08-02T18:25:53+08:00 ] /taodandan/Index/index.html | NOTIC: [2] Missing argument 2 for UserModel::getInventoryItems(), called in /Applications/XAMPP/xamppfiles/htdocs/taodandan/top/Lib/Action/IndexAction.class.php on line 30 and defined UserModel.class.php 第 193 行.
[ 2012-08-02T18:25:53+08:00 ] /taodandan/Index/index.html | NOTIC: [8] Undefined variable: fields UserModel.class.php 第 196 行.
[ 2012-08-02T18:25:53+08:00 ] /taodandan/Index/index.html | NOTIC: [8] Undefined variable: params UserModel.class.php 第 202 行.
[ 2012-08-02T18:25:54+08:00 ] /taodandan/Index/index.html | NOTIC: [2] Missing argument 1 for UserModel::getOnsaleItems(), called in /Applications/XAMPP/xamppfiles/htdocs/taodandan/top/Lib/Action/IndexAction.class.php on line 34 and defined UserModel.class.php 第 209 行.
[ 2012-08-02T18:25:54+08:00 ] /taodandan/Index/index.html | NOTIC: [2] Missing argument 2 for UserModel::getOnsaleItems(), called in /Applications/XAMPP/xamppfiles/htdocs/taodandan/top/Lib/Action/IndexAction.class.php on line 34 and defined UserModel.class.php 第 209 行.
[ 2012-08-02T18:25:54+08:00 ] /taodandan/Index/index.html | NOTIC: [8] Undefined variable: fields UserModel.class.php 第 212 行.
[ 2012-08-02T18:25:54+08:00 ] /taodandan/Index/index.html | NOTIC: [8] Undefined variable: params UserModel.class.php 第 218 行.
[ 2012-08-02T18:25:54+08:00 ] /taodandan/Index/index.html | NOTIC: [2] Missing argument 1 for UserModel::getOnShowcaseItems(), called in /Applications/XAMPP/xamppfiles/htdocs/taodandan/top/Lib/Action/IndexAction.class.php on line 40 and defined UserModel.class.php 第 225 行.
[ 2012-08-02T18:25:54+08:00 ] /taodandan/Index/index.html | NOTIC: [8] Undefined variable: params UserModel.class.php 第 227 行.
[ 2012-08-02T18:25:54+08:00 ] /taodandan/Index/index.html | NOTIC: [2] Missing argument 2 for UserModel::getOnsaleItems(), called in /Applications/XAMPP/xamppfiles/htdocs/taodandan/top/Lib/Model/UserModel.class.php on line 230 and defined UserModel.class.php 第 209 行.
[ 2012-08-02T18:25:54+08:00 ] /taodandan/Index/index.html | NOTIC: [8] Undefined variable: params UserModel.class.php 第 218 行.
[ 2012-08-02T18:25:54+08:00 ] /taodandan/Index/index.html | NOTIC: [2] trim() expects parameter 1 to be string, array given RequestCheckUtil.php 第 98 行.
[ 2012-08-02T18:25:54+08:00 ] /taodandan/Index/index.html | NOTIC: [2] substr() expects parameter 1 to be string, array given TopClient.php 第 28 行.
[ 2012-08-02T18:25:54+08:00 ] /taodandan/Index/index.html | NOTIC: [2] substr() expects parameter 1 to be string, array given TopClient.php 第 57 行.
[ 2012-08-02T18:25:54+08:00 ] /taodandan/Index/index.html | NOTIC: [2] urlencode() expects parameter 1 to be string, array given TopClient.php 第 59 行.
[ 2012-08-02T18:25:54+08:00 ] /taodandan/Index/index.html | NOTIC: [2] Missing argument 1 for UserModel::getSellerCatsList(), called in /Applications/XAMPP/xamppfiles/htdocs/taodandan/top/Lib/Action/IndexAction.class.php on line 42 and defined UserModel.class.php 第 234 行.
[ 2012-08-02T18:25:54+08:00 ] /taodandan/Index/index.html | NOTIC: [2] Missing argument 2 for UserModel::getSellerCatsList(), called in /Applications/XAMPP/xamppfiles/htdocs/taodandan/top/Lib/Action/IndexAction.class.php on line 42 and defined UserModel.class.php 第 234 行.
[ 2012-08-02T18:25:54+08:00 ] /taodandan/Index/index.html | NOTIC: [8] Undefined variable: nick UserModel.class.php 第 237 行.
[ 2012-08-02T18:25:54+08:00 ] /taodandan/Index/index.html | NOTIC: [8] Undefined variable: params UserModel.class.php 第 243 行.
[ 2012-08-02T18:25:54+08:00 ] /taodandan/Index/index.html | NOTIC: [2] Missing argument 1 for UserModel::getTrades(), called in /Applications/XAMPP/xamppfiles/htdocs/taodandan/top/Lib/Action/IndexAction.class.php on line 45 and defined UserModel.class.php 第 466 行.
[ 2012-08-02T18:25:54+08:00 ] /taodandan/Index/index.html | NOTIC: [2] Missing argument 4 for UserModel::getTrades(), called in /Applications/XAMPP/xamppfiles/htdocs/taodandan/top/Lib/Action/IndexAction.class.php on line 45 and defined UserModel.class.php 第 466 行.
[ 2012-08-02T18:25:54+08:00 ] /taodandan/Index/index.html | NOTIC: [8] Undefined variable: fields UserModel.class.php 第 469 行.
[ 2012-08-02T18:25:54+08:00 ] /taodandan/Index/index.html | NOTIC: [8] Undefined variable: params UserModel.class.php 第 475 行.
[ 2012-08-02T18:25:55+08:00 ] /taodandan/Index/index.html | NOTIC: [8] Undefined index: trades IndexAction.class.php 第 48 行.
[ 2012-08-02T18:25:55+08:00 ] /taodandan/Index/index.html | INFO: Tag[ view_template ] --START--
[ 2012-08-02T18:25:55+08:00 ] /taodandan/Index/index.html | INFO: Run LocationTemplate Behavior [ RunTime:0.000359s ]
[ 2012-08-02T18:25:55+08:00 ] /taodandan/Index/index.html | INFO: Tag[ view_template ] --END-- [ RunTime:0.000419s ]
[ 2012-08-02T18:25:55+08:00 ] /taodandan/Index/index.html | INFO: Tag[ view_parse ] --START--
[ 2012-08-02T18:25:55+08:00 ] /taodandan/Index/index.html | INFO: Run ParseTemplate Behavior [ RunTime:0.006931s ]
[ 2012-08-02T18:25:55+08:00 ] /taodandan/Index/index.html | INFO: Tag[ view_parse ] --END-- [ RunTime:0.006990s ]
[ 2012-08-02T18:25:55+08:00 ] /taodandan/Index/index.html | INFO: Tag[ view_filter ] --START--
[ 2012-08-02T18:25:55+08:00 ] /taodandan/Index/index.html | INFO: Run ContentReplace Behavior [ RunTime:0.000258s ]
[ 2012-08-02T18:25:55+08:00 ] /taodandan/Index/index.html | INFO: Run TokenBuild Behavior [ RunTime:0.000293s ]
[ 2012-08-02T18:25:55+08:00 ] /taodandan/Index/index.html | INFO: Run WriteHtmlCache Behavior [ RunTime:0.000141s ]
[ 2012-08-02T18:25:55+08:00 ] /taodandan/Index/index.html | INFO: Run ShowRuntime Behavior [ RunTime:0.000337s ]
[ 2012-08-02T18:25:55+08:00 ] /taodandan/Index/index.html | INFO: Tag[ view_filter ] --END-- [ RunTime:0.001181s ]
[ 2012-08-02T18:25:55+08:00 ] /taodandan/Index/index.html | INFO: Tag[ view_end ] --START--
[ 2012-08-02T18:25:55+08:00 ] /taodandan/Index/index.html | INFO: Run ShowPageTrace Behavior [ RunTime:0.000312s ]
[ 2012-08-02T18:25:55+08:00 ] /taodandan/Index/index.html | INFO: Tag[ view_end ] --END-- [ RunTime:0.000360s ]
[ 2012-08-02T18:25:55+08:00 ] /taodandan/Index/mainpage.css | ERR: (ThinkException) 非法操作mainpage.css
[ 2012-08-02T18:25:55+08:00 ] /taodandan/Index/share.css | ERR: (ThinkException) 非法操作share.css
